\BOOKMARK [1][-]{section*.4}{\376\377\000D\000a\000n\000h\000\040\000m\036\345\000c\000\040\000h\000\354\000n\000h\000\040\000v\036\275}{}% 1
\BOOKMARK [1][-]{section*.5}{\376\377\000D\000a\000n\000h\000\040\000m\036\345\000c\000\040\000b\036\243\000n\000g\000\040\000b\000i\036\303\000u}{}% 2
\BOOKMARK [1][-]{section*.6}{\376\377\000D\000a\000n\000h\000\040\000s\000\341\000c\000h\000\040\000t\000h\000\340\000n\000h\000\040\000v\000i\000\352\000n\000\040\000v\000\340\000\040\000c\000\364\000n\000g\000\040\000v\000i\036\307\000c}{}% 3
\BOOKMARK [1][-]{section.1}{\376\377\000B\036\321\000i\000\040\000c\036\243\000n\000h\000\040\000h\036\307\000\040\000t\000h\036\321\000n\000g\000\040\000I\000n\000t\000e\000l\000l\000i\000g\000e\000n\000t\000\040\000R\000e\000s\000t\000a\000u\000r\000a\000n\000t\000\040\000M\000a\000n\000a\000g\000e\000m\000e\000n\000t\000\040\000S\000y\000s\000t\000e\000m}{}% 4
\BOOKMARK [2][-]{subsection.1.1}{\376\377\000G\000i\036\333\000i\000\040\000t\000h\000i\036\307\000u\000\040\000v\000\340\000\040\000m\036\345\000c\000\040\000t\000i\000\352\000u}{section.1}% 5
\BOOKMARK [2][-]{subsection.1.2}{\376\377\000P\000h\036\241\000m\000\040\000v\000i\000\040\000h\036\307\000\040\000t\000h\036\321\000n\000g\000\040\000v\000\340\000\040\000c\000\341\000c\000\040\000p\000h\000\342\000n\000\040\000h\036\307\000\040\000c\000h\036\351\000c\000\040\000n\001\003\000n\000g}{section.1}% 6
\BOOKMARK [3][-]{subsubsection.1.2.1}{\376\377\001\020\036\267\000t\000\040\000m\000\363\000n\000\040\000s\036\321\000\040\000v\000\340\000\040\000q\000u\036\243\000n\000\040\000l\000\375\000\040\000t\000h\036\361\000c\000\040\001\021\001\241\000n}{subsection.1.2}% 7
\BOOKMARK [3][-]{subsubsection.1.2.2}{\376\377\000H\000i\036\303\000n\000\040\000t\000h\036\313\000\040\001\021\001\241\000n\000\040\000b\036\277\000p\000\040\000v\000\340\000\040\001\021\000i\036\301\000u\000\040\000p\000h\036\321\000i\000\040\000l\000u\036\323\000n\000g\000\040\000c\000h\036\277\000\040\000b\000i\036\277\000n}{subsection.1.2}% 8
\BOOKMARK [3][-]{subsubsection.1.2.3}{\376\377\000Q\000u\036\243\000n\000\040\000l\000\375\000\040\000b\000\340\000n\000\040\000v\000\340\000\040\001\021\036\267\000t\000\040\000c\000h\036\327}{subsection.1.2}% 9
\BOOKMARK [3][-]{subsubsection.1.2.4}{\376\377\000T\000\355\000n\000h\000\040\000t\000i\036\301\000n\000,\000\040\000t\000h\000a\000n\000h\000\040\000t\000o\000\341\000n\000\040\000v\000\340\000\040\000x\000u\036\245\000t\000\040\000h\000\363\000a\000\040\001\021\001\241\000n}{subsection.1.2}% 10
\BOOKMARK [3][-]{subsubsection.1.2.5}{\376\377\000G\000i\000\341\000m\000\040\000s\000\341\000t\000\040\000t\036\323\000n\000\040\000k\000h\000o}{subsection.1.2}% 11
\BOOKMARK [3][-]{subsubsection.1.2.6}{\376\377\000P\000h\000\342\000n\000\040\000t\000\355\000c\000h\000\040\000v\000\340\000\040\000b\000\341\000o\000\040\000c\000\341\000o}{subsection.1.2}% 12
\BOOKMARK [3][-]{subsubsection.1.2.7}{\376\377\000C\000\364\000n\000g\000\040\000c\036\345\000\040\000q\000u\036\243\000n\000\040\000t\000r\036\313}{subsection.1.2}% 13
\BOOKMARK [2][-]{subsection.1.3}{\376\377\000T\000\341\000c\000\040\000n\000h\000\342\000n\000\040\000v\000\340\000\040\000t\001\260\001\241\000n\000g\000\040\000t\000\341\000c\000\040\000v\036\255\000n\000\040\000h\000\340\000n\000h\000\040\001\021\000i\036\303\000n\000\040\000h\000\354\000n\000h}{section.1}% 14
\BOOKMARK [2][-]{subsection.1.4}{\376\377\000Y\000\352\000u\000\040\000c\036\247\000u\000\040\000c\000h\036\351\000c\000\040\000n\001\003\000n\000g}{section.1}% 15
\BOOKMARK [2][-]{subsection.1.5}{\376\377\000Y\000\352\000u\000\040\000c\036\247\000u\000\040\000p\000h\000i\000\040\000c\000h\036\351\000c\000\040\000n\001\003\000n\000g}{section.1}% 16
\BOOKMARK [2][-]{subsection.1.6}{\376\377\000R\000\340\000n\000g\000\040\000b\000u\036\331\000c\000\040\000v\000\340\000\040\000g\000i\036\243\000\040\001\021\036\313\000n\000h}{section.1}% 17
\BOOKMARK [2][-]{subsection.1.7}{\376\377\000T\000i\000\352\000u\000\040\000c\000h\000\355\000\040\000t\000h\000\340\000n\000h\000\040\000c\000\364\000n\000g}{section.1}% 18
\BOOKMARK [1][-]{section.2}{\376\377\000M\000\364\000\040\000h\000\354\000n\000h\000\040\000h\000\363\000a\000\040\000h\036\307\000\040\000t\000h\036\321\000n\000g}{}% 19
\BOOKMARK [2][-]{subsection.2.1}{\376\377\000A\000c\000t\000i\000v\000i\000t\000y\000\040\000d\000i\000a\000g\000r\000a\000m\000\040\000c\036\347\000a\000\040\000h\036\307\000\040\000t\000h\036\321\000n\000g}{section.2}% 20
\BOOKMARK [2][-]{subsection.2.2}{\376\377\000S\000e\000q\000u\000e\000n\000c\000e\000\040\000d\000i\000a\000g\000r\000a\000m\000\040\000c\036\347\000a\000\040\000h\036\307\000\040\000t\000h\036\321\000n\000g}{section.2}% 21
\BOOKMARK [2][-]{subsection.2.3}{\376\377\000C\000l\000a\000s\000s\000\040\000d\000i\000a\000g\000r\000a\000m\000\040\000c\036\347\000a\000\040\000h\036\307\000\040\000t\000h\036\321\000n\000g}{section.2}% 22
\BOOKMARK [1][-]{section.3}{\376\377\000T\000h\000i\036\277\000t\000\040\000k\036\277\000\040\000k\000i\036\277\000n\000\040\000t\000r\000\372\000c}{}% 23
\BOOKMARK [2][-]{subsection.3.1}{\376\377\000T\000h\000i\036\277\000t\000\040\000k\036\277\000\040\000c\001\241\000\040\000s\036\337\000\040\000d\036\357\000\040\000l\000i\036\307\000u\000\040\000c\036\347\000a\000\040\000h\036\307\000\040\000t\000h\036\321\000n\000g}{section.3}% 24
\BOOKMARK [3][-]{subsubsection.3.1.1}{\376\377\000B\000i\036\303\000u\000\040\001\021\036\323\000\040\000E\000E\000R\000D}{subsection.3.1}% 25
\BOOKMARK [3][-]{subsubsection.3.1.2}{\376\377\000L\001\260\036\343\000c\000\040\001\021\036\323\000\040\000q\000u\000a\000n\000\040\000h\036\307}{subsection.3.1}% 26
\BOOKMARK [2][-]{subsection.3.2}{\376\377\000P\000h\001\260\001\241\000n\000g\000\040\000p\000h\000\341\000p\000\040\000k\000i\036\277\000n\000\040\000t\000r\000\372\000c\000\040\001\021\036\303\000\040\000t\000r\000i\036\303\000n\000\040\000k\000h\000a\000i\000\040\000h\036\307\000\040\000t\000h\036\321\000n\000g}{section.3}% 27
\BOOKMARK [1][-]{section.4}{\376\377\000T\000r\000i\036\303\000n\000\040\000k\000h\000a\000i\000\040\000-\000\040\000S\000p\000r\000i\000n\000t\000\040\0001}{}% 28
\BOOKMARK [2][-]{subsection.4.1}{\376\377\000W\000o\000r\000k\000f\000l\000o\000w\000\040\000m\000u\000a\000\040\000h\000\340\000n\000g\000\040\000-\000\040\000B\000u\000y\000e\000r}{section.4}% 29
\BOOKMARK [3][-]{subsubsection.4.1.1}{\376\377\000T\000r\000a\000n\000g\000\040\000c\000h\036\347}{subsection.4.1}% 30
\BOOKMARK [3][-]{subsubsection.4.1.2}{\376\377\000T\000r\000a\000n\000g\000\040\000c\000\341\000c\000\040\000s\036\243\000n\000\040\000p\000h\036\251\000m}{subsection.4.1}% 31
\BOOKMARK [3][-]{subsubsection.4.1.3}{\376\377\000C\000h\000i\000\040\000t\000i\036\277\000t\000\040\000s\036\243\000n\000\040\000p\000h\036\251\000m}{subsection.4.1}% 32
\BOOKMARK [3][-]{subsubsection.4.1.4}{\376\377\000G\000i\036\317\000\040\000h\000\340\000n\000g}{subsection.4.1}% 33
\BOOKMARK [3][-]{subsubsection.4.1.5}{\376\377\000T\036\241\000o\000\040\001\021\001\241\000n\000\040\000h\000\340\000n\000g\000\040\000v\000\340\000\040\000t\000h\000a\000n\000h\000\040\000t\000o\000\341\000n}{subsection.4.1}% 34
\BOOKMARK [3][-]{subsubsection.4.1.6}{\376\377\000T\000h\000a\000n\000h\000\040\000t\000o\000\341\000n\000\040\000t\000h\000\340\000n\000h\000\040\000c\000\364\000n\000g}{subsection.4.1}% 35
\BOOKMARK [2][-]{subsection.4.2}{\376\377\000W\000o\000r\000k\000f\000l\000o\000w\000\040\000b\000\341\000n\000\040\000h\000\340\000n\000g\000\040\000-\000\040\000S\000e\000l\000l\000e\000r}{section.4}% 36
\BOOKMARK [3][-]{subsubsection.4.2.1}{\376\377\000Q\000u\036\243\000n\000\040\000l\000\375\000\040\000s\036\243\000n\000\040\000p\000h\036\251\000m}{subsection.4.2}% 37
\BOOKMARK [3][-]{subsubsection.4.2.2}{\376\377\000T\036\241\000o\000\040\000s\036\243\000n\000\040\000p\000h\036\251\000m}{subsection.4.2}% 38
\BOOKMARK [3][-]{subsubsection.4.2.3}{\376\377\000C\000h\036\311\000n\000h\000\040\000s\036\355\000a\000\040\000s\036\243\000n\000\040\000p\000h\036\251\000m}{subsection.4.2}% 39
\BOOKMARK [3][-]{subsubsection.4.2.4}{\376\377\000Q\000u\036\243\000n\000\040\000l\000\375\000\040\001\021\001\241\000n\000\040\000h\000\340\000n\000g}{subsection.4.2}% 40
\BOOKMARK [2][-]{subsection.4.3}{\376\377\000W\000o\000r\000k\000f\000l\000o\000w\000\040\000q\000u\036\243\000n\000\040\000t\000r\036\313\000\040\000-\000\040\000A\000d\000m\000i\000n}{section.4}% 41
\BOOKMARK [3][-]{subsubsection.4.3.1}{\376\377\000Q\000u\036\243\000n\000\040\000l\000\375\000\040\000t\000\340\000i\000\040\000k\000h\000o\036\243\000n}{subsection.4.3}% 42
\BOOKMARK [3][-]{subsubsection.4.3.2}{\376\377\000Q\000u\036\243\000n\000\040\000l\000\375\000\040\000k\000h\000i\036\277\000u\000\040\000n\036\241\000i}{subsection.4.3}% 43
\BOOKMARK [2][-]{subsection.4.4}{\376\377\001\020\001\003\000n\000g\000\040\000n\000h\036\255\000p\000\040\000-\000\040\001\020\001\003\000n\000g\000\040\000k\000\375}{section.4}% 44
\BOOKMARK [3][-]{subsubsection.4.4.1}{\376\377\001\020\001\003\000n\000g\000\040\000n\000h\036\255\000p}{subsection.4.4}% 45
\BOOKMARK [3][-]{subsubsection.4.4.2}{\376\377\001\020\001\003\000n\000g\000\040\000k\000\375}{subsection.4.4}% 46
\BOOKMARK [1][-]{section.5}{\376\377\000T\000r\000i\036\303\000n\000\040\000k\000h\000a\000i\000\040\000-\000\040\000S\000p\000r\000i\000n\000t\000\040\0002}{}% 47
\BOOKMARK [2][-]{subsection.5.1}{\376\377\000Q\000u\036\243\000n\000\040\000l\000\375\000\040\000d\036\361\000\040\000\341\000n\000\040\000t\000r\000\352\000n\000\040\000g\000i\000t\000h\000u\000b}{section.5}% 48
