This is pdfTeX, Version 3.141592653-2.6-1.40.27 (MiKTeX 25.4) (preloaded format=pdflatex 2026.4.22)  9 MAY 2026 03:05
entering extended mode
 restricted \write18 enabled.
 file:line:error style messages enabled.
 %&-line parsing enabled.
**d:/HCMUT/252/KTPM/Software-architecture-report/main.tex
(d:/HCMUT/252/KTPM/Software-architecture-report/main.tex
LaTeX2e <2025-11-01>
L3 programming layer <2025-11-06>
(format/library.tex (C:\Program Files\MiKTeX\tex/latex/base\article.cls
Document Class: article 2025/01/22 v1.4n Standard LaTeX document class
(C:\Program Files\MiKTeX\tex/latex/base\size10.clo
File: size10.clo 2025/01/22 v1.4n Standard LaTeX file (size option)
)
\c@part=\count275
\c@section=\count276
\c@subsection=\count277
\c@subsubsection=\count278
\c@paragraph=\count279
\c@subparagraph=\count280
\c@figure=\count281
\c@table=\count282
\abovecaptionskip=\skip49
\belowcaptionskip=\skip50
\bibindent=\dimen148
) (C:\Program Files\MiKTeX\tex/latex/geometry\geometry.sty
Package: geometry 2020/01/02 v5.9 Page Geometry
 (C:\Program Files\MiKTeX\tex/latex/graphics\keyval.sty
Package: keyval 2022/05/29 v1.15 key=value parser (DPC)
\KV@toks@=\toks17
) (C:\Program Files\MiKTeX\tex/generic/iftex\ifvtex.sty
Package: ifvtex 2019/10/25 v1.7 ifvtex legacy package. Use iftex instead.
 (C:\Program Files\MiKTeX\tex/generic/iftex\iftex.sty
Package: iftex 2024/12/12 v1.0g TeX engine tests
))
\Gm@cnth=\count283
\Gm@cntv=\count284
\c@Gm@tempcnt=\count285
\Gm@bindingoffset=\dimen149
\Gm@wd@mp=\dimen150
\Gm@odd@mp=\dimen151
\Gm@even@mp=\dimen152
\Gm@layoutwidth=\dimen153
\Gm@layoutheight=\dimen154
\Gm@layouthoffset=\dimen155
\Gm@layoutvoffset=\dimen156
\Gm@dimlist=\toks18
 (C:\Program Files\MiKTeX\tex/latex/geometry\geometry.cfg)) (C:\Program Files\MiKTeX\tex/latex/base\inputenc.sty
Package: inputenc 2024/02/08 v1.3d Input encoding file
\inpenc@prehook=\toks19
\inpenc@posthook=\toks20
) (C:\Program Files\MiKTeX\tex/latex/base\fontenc.sty
Package: fontenc 2025/07/18 v2.1d Standard LaTeX package
 (C:\Program Files\MiKTeX\tex/latex/vntex\t5enc.def
File: t5enc.def 2006/11/21 v1.4 Vietnamese T5 encoding
Now handling font encoding T5 ...
... processing UTF-8 mapping file for font encoding T5
 (C:\Program Files\MiKTeX\tex/latex/vntex\t5enc.dfu
File: t5enc.dfu 2006/08/19 v1.1 UTF8 support for Vietnamese
   defining Unicode char U+00AB (decimal 171)
   defining Unicode char U+00BB (decimal 187)
   defining Unicode char U+00C0 (decimal 192)
   defining Unicode char U+00C1 (decimal 193)
   defining Unicode char U+00C2 (decimal 194)
   defining Unicode char U+00C3 (decimal 195)
   defining Unicode char U+00C8 (decimal 200)
   defining Unicode char U+00C9 (decimal 201)
   defining Unicode char U+00CA (decimal 202)
   defining Unicode char U+00CC (decimal 204)
   defining Unicode char U+00CD (decimal 205)
   defining Unicode char U+00D2 (decimal 210)
   defining Unicode char U+00D3 (decimal 211)
   defining Unicode char U+00D4 (decimal 212)
   defining Unicode char U+00D5 (decimal 213)
   defining Unicode char U+00D9 (decimal 217)
   defining Unicode char U+00DA (decimal 218)
   defining Unicode char U+00DD (decimal 221)
   defining Unicode char U+00E0 (decimal 224)
   defining Unicode char U+00E1 (decimal 225)
   defining Unicode char U+00E2 (decimal 226)
   defining Unicode char U+00E3 (decimal 227)
   defining Unicode char U+00E8 (decimal 232)
   defining Unicode char U+00E9 (decimal 233)
   defining Unicode char U+00EA (decimal 234)
   defining Unicode char U+00EC (decimal 236)
   defining Unicode char U+00ED (decimal 237)
   defining Unicode char U+00F2 (decimal 242)
   defining Unicode char U+00F3 (decimal 243)
   defining Unicode char U+00F4 (decimal 244)
   defining Unicode char U+00F5 (decimal 245)
   defining Unicode char U+00F9 (decimal 249)
   defining Unicode char U+00FA (decimal 250)
   defining Unicode char U+00FD (decimal 253)
   defining Unicode char U+0102 (decimal 258)
   defining Unicode char U+0103 (decimal 259)
   defining Unicode char U+0110 (decimal 272)
   defining Unicode char U+0111 (decimal 273)
   defining Unicode char U+0128 (decimal 296)
   defining Unicode char U+0129 (decimal 297)
   defining Unicode char U+0131 (decimal 305)
   defining Unicode char U+0168 (decimal 360)
   defining Unicode char U+0169 (decimal 361)
   defining Unicode char U+01A0 (decimal 416)
   defining Unicode char U+01A1 (decimal 417)
   defining Unicode char U+01AF (decimal 431)
   defining Unicode char U+01B0 (decimal 432)
   defining Unicode char U+1EA0 (decimal 7840)
   defining Unicode char U+1EA1 (decimal 7841)
   defining Unicode char U+1EA2 (decimal 7842)
   defining Unicode char U+1EA3 (decimal 7843)
   defining Unicode char U+1EA4 (decimal 7844)
   defining Unicode char U+1EA5 (decimal 7845)
   defining Unicode char U+1EA6 (decimal 7846)
   defining Unicode char U+1EA7 (decimal 7847)
   defining Unicode char U+1EA8 (decimal 7848)
   defining Unicode char U+1EA9 (decimal 7849)
   defining Unicode char U+1EAA (decimal 7850)
   defining Unicode char U+1EAB (decimal 7851)
   defining Unicode char U+1EAC (decimal 7852)
   defining Unicode char U+1EAD (decimal 7853)
   defining Unicode char U+1EAE (decimal 7854)
   defining Unicode char U+1EAF (decimal 7855)
   defining Unicode char U+1EB0 (decimal 7856)
   defining Unicode char U+1EB1 (decimal 7857)
   defining Unicode char U+1EB2 (decimal 7858)
   defining Unicode char U+1EB3 (decimal 7859)
   defining Unicode char U+1EB4 (decimal 7860)
   defining Unicode char U+1EB5 (decimal 7861)
   defining Unicode char U+1EB6 (decimal 7862)
   defining Unicode char U+1EB7 (decimal 7863)
   defining Unicode char U+1EB8 (decimal 7864)
   defining Unicode char U+1EB9 (decimal 7865)
   defining Unicode char U+1EBA (decimal 7866)
   defining Unicode char U+1EBB (decimal 7867)
   defining Unicode char U+1EBC (decimal 7868)
   defining Unicode char U+1EBD (decimal 7869)
   defining Unicode char U+1EBE (decimal 7870)
   defining Unicode char U+1EBF (decimal 7871)
   defining Unicode char U+1EC0 (decimal 7872)
   defining Unicode char U+1EC1 (decimal 7873)
   defining Unicode char U+1EC2 (decimal 7874)
   defining Unicode char U+1EC3 (decimal 7875)
   defining Unicode char U+1EC4 (decimal 7876)
   defining Unicode char U+1EC5 (decimal 7877)
   defining Unicode char U+1EC6 (decimal 7878)
   defining Unicode char U+1EC7 (decimal 7879)
   defining Unicode char U+1EC8 (decimal 7880)
   defining Unicode char U+1EC9 (decimal 7881)
   defining Unicode char U+1ECA (decimal 7882)
   defining Unicode char U+1ECB (decimal 7883)
   defining Unicode char U+1ECC (decimal 7884)
   defining Unicode char U+1ECD (decimal 7885)
   defining Unicode char U+1ECE (decimal 7886)
   defining Unicode char U+1ECF (decimal 7887)
   defining Unicode char U+1ED0 (decimal 7888)
   defining Unicode char U+1ED1 (decimal 7889)
   defining Unicode char U+1ED2 (decimal 7890)
   defining Unicode char U+1ED3 (decimal 7891)
   defining Unicode char U+1ED4 (decimal 7892)
   defining Unicode char U+1ED5 (decimal 7893)
   defining Unicode char U+1ED6 (decimal 7894)
   defining Unicode char U+1ED7 (decimal 7895)
   defining Unicode char U+1ED8 (decimal 7896)
   defining Unicode char U+1ED9 (decimal 7897)
   defining Unicode char U+1EDA (decimal 7898)
   defining Unicode char U+1EDB (decimal 7899)
   defining Unicode char U+1EDC (decimal 7900)
   defining Unicode char U+1EDD (decimal 7901)
   defining Unicode char U+1EDE (decimal 7902)
   defining Unicode char U+1EDF (decimal 7903)
   defining Unicode char U+1EE0 (decimal 7904)
   defining Unicode char U+1EE1 (decimal 7905)
   defining Unicode char U+1EE2 (decimal 7906)
   defining Unicode char U+1EE3 (decimal 7907)
   defining Unicode char U+1EE4 (decimal 7908)
   defining Unicode char U+1EE5 (decimal 7909)
   defining Unicode char U+1EE6 (decimal 7910)
   defining Unicode char U+1EE7 (decimal 7911)
   defining Unicode char U+1EE8 (decimal 7912)
   defining Unicode char U+1EE9 (decimal 7913)
   defining Unicode char U+1EEA (decimal 7914)
   defining Unicode char U+1EEB (decimal 7915)
   defining Unicode char U+1EEC (decimal 7916)
   defining Unicode char U+1EED (decimal 7917)
   defining Unicode char U+1EEE (decimal 7918)
   defining Unicode char U+1EEF (decimal 7919)
   defining Unicode char U+1EF0 (decimal 7920)
   defining Unicode char U+1EF1 (decimal 7921)
   defining Unicode char U+1EF2 (decimal 7922)
   defining Unicode char U+1EF3 (decimal 7923)
   defining Unicode char U+1EF4 (decimal 7924)
   defining Unicode char U+1EF5 (decimal 7925)
   defining Unicode char U+1EF6 (decimal 7926)
   defining Unicode char U+1EF7 (decimal 7927)
   defining Unicode char U+1EF8 (decimal 7928)
   defining Unicode char U+1EF9 (decimal 7929)
   defining Unicode char U+200C (decimal 8204)
   defining Unicode char U+2013 (decimal 8211)
   defining Unicode char U+2014 (decimal 8212)
   defining Unicode char U+2018 (decimal 8216)
   defining Unicode char U+2019 (decimal 8217)
   defining Unicode char U+201A (decimal 8218)
   defining Unicode char U+201C (decimal 8220)
   defining Unicode char U+201D (decimal 8221)
   defining Unicode char U+201E (decimal 8222)
   defining Unicode char U+2030 (decimal 8240)
   defining Unicode char U+2031 (decimal 8241)
   defining Unicode char U+2039 (decimal 8249)
   defining Unicode char U+203A (decimal 8250)
   defining Unicode char U+2423 (decimal 9251)
))
LaTeX Font Info:    Trying to load font information for T5+cmr on input line 116.
 (C:\Program Files\MiKTeX\tex/latex/vntex\t5cmr.fd
File: t5cmr.fd 1999/05/25 v2.5h Standard LaTeX font definitions
)) (C:\Program Files\MiKTeX\tex/latex/koma-script\scrextend.sty
Package: scrextend 2026/02/02 v3.49.2 KOMA-Script package (extend other classes with features of KOMA-Script classes)
 (C:\Program Files\MiKTeX\tex/latex/koma-script\scrkbase.sty
Package: scrkbase 2026/02/02 v3.49.2 KOMA-Script package (KOMA-Script-dependent basics and keyval usage)
 (C:\Program Files\MiKTeX\tex/latex/koma-script\scrbase.sty
Package: scrbase 2026/02/02 v3.49.2 KOMA-Script package (KOMA-Script-independent basics and keyval usage)
 (C:\Program Files\MiKTeX\tex/latex/koma-script\scrlfile.sty
Package: scrlfile 2026/02/02 v3.49.2 KOMA-Script package (file load hooks)
 (C:\Program Files\MiKTeX\tex/latex/koma-script\scrlfile-hook.sty
Package: scrlfile-hook 2026/02/02 v3.49.2 KOMA-Script package (using LaTeX hooks)
 (C:\Program Files\MiKTeX\tex/latex/koma-script\scrlogo.sty
Package: scrlogo 2026/02/02 v3.49.2 KOMA-Script package (logo)
)))
Applying: [2021/05/01] Usage of raw or classic option list on input line 254.
Already applied: [0000/00/00] Usage of raw or classic option list on input line 370.
))) (C:\Program Files\MiKTeX\tex/latex/setspace\setspace.sty
Package: setspace 2022/12/04 v6.7b set line spacing
) (C:\Program Files\MiKTeX\tex/latex/amsmath\amsmath.sty
Package: amsmath 2025/07/09 v2.17z AMS math features
\@mathmargin=\skip51

For additional information on amsmath, use the `?' option.
(C:\Program Files\MiKTeX\tex/latex/amsmath\amstext.sty
Package: amstext 2024/11/17 v2.01 AMS text
 (C:\Program Files\MiKTeX\tex/latex/amsmath\amsgen.sty
File: amsgen.sty 1999/11/30 v2.0 generic functions
\@emptytoks=\toks21
\ex@=\dimen157
)) (C:\Program Files\MiKTeX\tex/latex/amsmath\amsbsy.sty
Package: amsbsy 1999/11/29 v1.2d Bold Symbols
\pmbraise@=\dimen158
) (C:\Program Files\MiKTeX\tex/latex/amsmath\amsopn.sty
Package: amsopn 2022/04/08 v2.04 operator names
)
\inf@bad=\count286
LaTeX Info: Redefining \frac on input line 233.
\uproot@=\count287
\leftroot@=\count288
LaTeX Info: Redefining \overline on input line 398.
LaTeX Info: Redefining \colon on input line 409.
\classnum@=\count289
\DOTSCASE@=\count290
LaTeX Info: Redefining \ldots on input line 495.
LaTeX Info: Redefining \dots on input line 498.
LaTeX Info: Redefining \cdots on input line 619.
\Mathstrutbox@=\box53
\strutbox@=\box54
LaTeX Info: Redefining \big on input line 721.
LaTeX Info: Redefining \Big on input line 722.
LaTeX Info: Redefining \bigg on input line 723.
LaTeX Info: Redefining \Bigg on input line 724.
\big@size=\dimen159
LaTeX Font Info:    Redeclaring font encoding OML on input line 742.
LaTeX Font Info:    Redeclaring font encoding OMS on input line 743.
\macc@depth=\count291
LaTeX Info: Redefining \bmod on input line 904.
LaTeX Info: Redefining \pmod on input line 909.
LaTeX Info: Redefining \smash on input line 939.
LaTeX Info: Redefining \relbar on input line 969.
LaTeX Info: Redefining \Relbar on input line 970.
\c@MaxMatrixCols=\count292
\dotsspace@=\muskip17
\c@parentequation=\count293
\dspbrk@lvl=\count294
\tag@help=\toks22
\row@=\count295
\column@=\count296
\maxfields@=\count297
\andhelp@=\toks23
\eqnshift@=\dimen160
\alignsep@=\dimen161
\tagshift@=\dimen162
\tagwidth@=\dimen163
\totwidth@=\dimen164
\lineht@=\dimen165
\@envbody=\toks24
\multlinegap=\skip52
\multlinetaggap=\skip53
\mathdisplay@stack=\toks25
LaTeX Info: Redefining \[ on input line 2950.
LaTeX Info: Redefining \] on input line 2951.
) (C:\Program Files\MiKTeX\tex/latex/amsfonts\amssymb.sty
Package: amssymb 2013/01/14 v3.01 AMS font symbols
 (C:\Program Files\MiKTeX\tex/latex/amsfonts\amsfonts.sty
Package: amsfonts 2013/01/14 v3.01 Basic AMSFonts support
\symAMSa=\mathgroup4
\symAMSb=\mathgroup5
LaTeX Font Info:    Redeclaring math symbol \hbar on input line 98.
LaTeX Font Info:    Overwriting math alphabet `\mathfrak' in version `bold'
(Font)                  U/euf/m/n --> U/euf/b/n on input line 106.
)) (C:\Program Files\MiKTeX\tex/latex/tools\bm.sty
Package: bm 2025/10/21 v1.2g Bold Symbol Support (DPC/FMi)
\symboldoperators=\mathgroup6
\symboldletters=\mathgroup7
\symboldsymbols=\mathgroup8
Package bm Info: No bold for \OMX/cmex/m/n, using \pmb.
Package bm Info: No bold for \U/msa/m/n, using \pmb.
Package bm Info: No bold for \U/msb/m/n, using \pmb.
LaTeX Font Info:    Redeclaring math alphabet \mathbf on input line 149.
) (C:\Program Files\MiKTeX\tex/latex/graphics\graphicx.sty
Package: graphicx 2024/12/31 v1.2e Enhanced LaTeX Graphics (DPC,SPQR)
 (C:\Program Files\MiKTeX\tex/latex/graphics\graphics.sty
Package: graphics 2024/08/06 v1.4g Standard LaTeX Graphics (DPC,SPQR)
 (C:\Program Files\MiKTeX\tex/latex/graphics\trig.sty
Package: trig 2023/12/02 v1.11 sin cos tan (DPC)
) (C:\Program Files\MiKTeX\tex/latex/graphics-cfg\graphics.cfg
File: graphics.cfg 2016/06/04 v1.11 sample graphics configuration
)
Package graphics Info: Driver file: pdftex.def on input line 106.
 (C:\Program Files\MiKTeX\tex/latex/graphics-def\pdftex.def
File: pdftex.def 2025/09/29 v1.2d Graphics/color driver for pdftex
))
\Gin@req@height=\dimen166
\Gin@req@width=\dimen167
) (C:\Program Files\MiKTeX\tex/latex/graphics\epsfig.sty
Package: epsfig 2024/01/14 v1.7b (e)psfig emulation (SPQR)
\epsfxsize=\dimen168
\epsfysize=\dimen169
) (C:\Program Files\MiKTeX\tex/latex/graphics\rotating.sty
Package: rotating 2025/01/14 v2.16e rotated objects in LaTeX
 (C:\Program Files\MiKTeX\tex/latex/base\ifthen.sty
Package: ifthen 2024/03/16 v1.1e Standard LaTeX ifthen package (DPC)
)
\c@r@tfl@t=\count298
\rotFPtop=\skip54
\rotFPbot=\skip55
\rot@float@box=\box55
\rot@mess@toks=\toks26
) (C:\Program Files\MiKTeX\tex/latex/tools\array.sty
Package: array 2025/09/25 v2.6n Tabular extension package (FMi)
\col@sep=\dimen170
\ar@mcellbox=\box56
\extrarowheight=\dimen171
\NC@list=\toks27
\extratabsurround=\skip56
\backup@length=\skip57
\ar@cellbox=\box57
) (C:\Program Files\MiKTeX\tex/latex/multirow\multirow.sty
Package: multirow 2024/11/12 v2.9 Span multiple rows of a table
\multirow@colwidth=\skip58
\multirow@cntb=\count299
\multirow@dima=\skip59
\bigstrutjot=\dimen172
) (C:\Program Files\MiKTeX\tex/latex/tools\tabularx.sty
Package: tabularx 2023/12/11 v2.12a `tabularx' package (DPC)
\TX@col@width=\dimen173
\TX@old@table=\dimen174
\TX@old@col=\dimen175
\TX@target=\dimen176
\TX@delta=\dimen177
\TX@cols=\count300
\TX@ftn=\toks28
) (C:\Program Files\MiKTeX\tex/latex/caption\subcaption.sty
Package: subcaption 2023/07/28 v1.6b Sub-captions (AR)
 (C:\Program Files\MiKTeX\tex/latex/caption\caption.sty
Package: caption 2023/08/05 v3.6o Customizing captions (AR)
 (C:\Program Files\MiKTeX\tex/latex/caption\caption3.sty
Package: caption3 2023/07/31 v2.4d caption3 kernel (AR)
\caption@tempdima=\dimen178
\captionmargin=\dimen179
\caption@leftmargin=\dimen180
\caption@rightmargin=\dimen181
\caption@width=\dimen182
\caption@indent=\dimen183
\caption@parindent=\dimen184
\caption@hangindent=\dimen185
Package caption Info: Standard document class detected.
)
\c@caption@flags=\count301
\c@continuedfloat=\count302
Package caption Info: rotating package is loaded.
Package caption Info: scrextend package is loaded.
\caption@addmargin@hsize=\dimen186
\caption@addmargin@linewidth=\dimen187
)
Package caption Info: New subtype `subfigure' on input line 238.
\c@subfigure=\count303
Package caption Info: New subtype `subtable' on input line 238.
\c@subtable=\count304
) (C:\Program Files\MiKTeX\tex/latex/tools\indentfirst.sty
Package: indentfirst 2023/07/02 v1.03 Indent first paragraph (DPC)
) (C:\Program Files\MiKTeX\tex/latex/enumitem\enumitem.sty
Package: enumitem 2025/02/06 v3.11 Customized lists
\labelindent=\skip60
\enit@outerparindent=\dimen188
\enit@toks=\toks29
\enit@inbox=\box58
\enit@count@id=\count305
\enitdp@description=\count306
) (C:\Program Files\MiKTeX\tex/latex/tools\multicol.sty
Package: multicol 2025/10/21 v2.0b multicolumn formatting (FMi)
\c@tracingmulticols=\count307
\mult@box=\box59
\multicol@leftmargin=\dimen189
\c@unbalance=\count308
\c@collectmore=\count309
\doublecol@number=\count310
\multicoltolerance=\count311
\multicolpretolerance=\count312
\full@width=\dimen190
\page@free=\dimen191
\premulticols=\dimen192
\postmulticols=\dimen193
\multicolsep=\skip61
\multicolbaselineskip=\skip62
\partial@page=\box60
\last@line=\box61
\mc@boxedresult=\box62
\maxbalancingoverflow=\dimen194
\mult@rightbox=\box63
\mult@grightbox=\box64
\mult@firstbox=\box65
\mult@gfirstbox=\box66
\@tempa=\box67
\@tempa=\box68
\@tempa=\box69
\@tempa=\box70
\@tempa=\box71
\@tempa=\box72
\@tempa=\box73
\@tempa=\box74
\@tempa=\box75
\@tempa=\box76
\@tempa=\box77
\@tempa=\box78
\@tempa=\box79
\@tempa=\box80
\@tempa=\box81
\@tempa=\box82
\@tempa=\box83
\@tempa=\box84
\@tempa=\box85
\@tempa=\box86
\@tempa=\box87
\@tempa=\box88
\@tempa=\box89
\@tempa=\box90
\@tempa=\box91
\@tempa=\box92
\@tempa=\box93
\@tempa=\box94
\@tempa=\box95
\@tempa=\box96
\@tempa=\box97
\@tempa=\box98
\@tempa=\box99
\@tempa=\box100
\@tempa=\box101
\@tempa=\box102
\c@minrows=\count313
\c@columnbadness=\count314
\c@finalcolumnbadness=\count315
\last@try=\dimen195
\multicolovershoot=\dimen196
\multicolundershoot=\dimen197
\mult@nat@firstbox=\box103
\colbreak@box=\box104
\mc@col@check@num=\count316
\g__mc_curr_col_int=\count317
) (C:\Program Files\MiKTeX\tex/latex/anyfontsize\anyfontsize.sty
Package: anyfontsize 2007/11/22 anyfontsize.sty by pts
) (C:\Program Files\MiKTeX\tex/latex/xfrac\xfrac.sty
Package: xfrac 2024-06-04 Split-level fractions
\l__xfrac_slash_box=\box105
\l__xfrac_tmp_box=\box106
\l__xfrac_denominator_bot_sep_dim=\dimen198
\l__xfrac_numerator_bot_sep_dim=\dimen199
\l__xfrac_numerator_top_sep_dim=\dimen256
\l__xfrac_slash_left_sep_dim=\dimen257
\l__xfrac_slash_right_sep_dim=\dimen258
\l__xfrac_slash_left_muskip=\muskip18
\l__xfrac_slash_right_muskip=\muskip19

LaTeX template Info: Declaring template type 'xfrac' taking 3 argument(s) on
(template)           line 100.


LaTeX template Info: Declaring instance 'cmr' of type xfrac on line 392.


LaTeX template Info: Declaring instance 'cmss' of type xfrac on line 392.


LaTeX template Info: Declaring instance 'cmtt' of type xfrac on line 392.

) (C:\Program Files\MiKTeX\tex/latex/xcolor\xcolor.sty
Package: xcolor 2024/09/29 v3.02 LaTeX color extensions (UK)
 (C:\Program Files\MiKTeX\tex/latex/graphics-cfg\color.cfg
File: color.cfg 2016/01/02 v1.6 sample color configuration
)
Package xcolor Info: Driver file: pdftex.def on input line 274.
 (C:\Program Files\MiKTeX\tex/latex/graphics\mathcolor.ltx)
Package xcolor Info: Model `cmy' substituted by `cmy0' on input line 1349.
Package xcolor Info: Model `hsb' substituted by `rgb' on input line 1353.
Package xcolor Info: Model `RGB' extended on input line 1365.
Package xcolor Info: Model `HTML' substituted by `rgb' on input line 1367.
Package xcolor Info: Model `Hsb' substituted by `hsb' on input line 1368.
Package xcolor Info: Model `tHsb' substituted by `hsb' on input line 1369.
Package xcolor Info: Model `HSB' substituted by `hsb' on input line 1370.
Package xcolor Info: Model `Gray' substituted by `gray' on input line 1371.
Package xcolor Info: Model `wave' substituted by `hsb' on input line 1372.
) (C:\Program Files\MiKTeX\tex/latex/listings\listings.sty
\lst@mode=\count318
\lst@gtempboxa=\box107
\lst@token=\toks30
\lst@length=\count319
\lst@currlwidth=\dimen259
\lst@column=\count320
\lst@pos=\count321
\lst@lostspace=\dimen260
\lst@width=\dimen261
\lst@newlines=\count322
\lst@lineno=\count323
\lst@maxwidth=\dimen262
 (C:\Program Files\MiKTeX\tex/latex/listings\lstpatch.sty
File: lstpatch.sty 2025/11/14 1.11b (Carsten Heinz)
) (C:\Program Files\MiKTeX\tex/latex/listings\lstmisc.sty
File: lstmisc.sty 2025/11/14 1.11b (Carsten Heinz)
\c@lstnumber=\count324
\lst@skipnumbers=\count325
\lst@framebox=\box108
) (C:\Program Files\MiKTeX\tex/latex/listings\listings.cfg
File: listings.cfg 2025/11/14 1.11b listings configuration
))
Package: listings 2025/11/14 1.11b (Carsten Heinz)

==> First Aid for listings.sty no longer applied!
    Expected:
        2024/09/23 1.10c (Carsten Heinz)
    but found:
        2025/11/14 1.11b (Carsten Heinz)
    so I'm assuming it got fixed.
(C:\Program Files\MiKTeX\tex/latex/algorithm2e\algorithm2e.sty
Package: algorithm2e 2017/07/18 v5.2 algorithms environments
\c@AlgoLine=\count326
\algocf@hangindent=\skip63
 (C:\Program Files\MiKTeX\tex/latex/ifoddpage\ifoddpage.sty
Package: ifoddpage 2022/10/18 v1.2 Conditionals for odd/even page detection
\c@checkoddpage=\count327
) (C:\Program Files\MiKTeX\tex/latex/tools\xspace.sty
Package: xspace 2014/10/28 v1.13 Space after command names (DPC,MH)
) (C:\Program Files\MiKTeX\tex/latex/relsize\relsize.sty
Package: relsize 2013/03/29 ver 4.1
)
\skiptotal=\skip64
\skiplinenumber=\skip65
\skiprule=\skip66
\skiphlne=\skip67
\skiptext=\skip68
\skiplength=\skip69
\algomargin=\skip70
\skipalgocfslide=\skip71
\algowidth=\dimen263
\inoutsize=\dimen264
\inoutindent=\dimen265
\interspacetitleruled=\dimen266
\interspacealgoruled=\dimen267
\interspacetitleboxruled=\dimen268
\algocf@ruledwidth=\skip72
\algocf@inoutbox=\box109
\algocf@inputbox=\box110
\AlCapSkip=\skip73
\AlCapHSkip=\skip74
\algoskipindent=\skip75
\algocf@nlbox=\box111
\algocf@hangingbox=\box112
\algocf@untilbox=\box113
\algocf@skipuntil=\skip76
\algocf@capbox=\box114
\algocf@lcaptionbox=\skip77
\algoheightruledefault=\skip78
\algoheightrule=\skip79
\algotitleheightruledefault=\skip80
\algotitleheightrule=\skip81
\c@algocfline=\count328
\c@algocfproc=\count329
\c@algocf=\count330
\algocf@algoframe=\box115
\algocf@algobox=\box116
) (C:\Program Files\MiKTeX\tex/latex/appendix\appendix.sty
Package: appendix 2020/02/08 v1.2c extra appendix facilities
\c@@pps=\count331
\c@@ppsavesec=\count332
\c@@ppsaveapp=\count333
) (C:\Program Files\MiKTeX\tex/latex/tools\verbatim.sty
Package: verbatim 2024-01-22 v1.5x LaTeX2e package for verbatim enhancements
\every@verbatim=\toks31
\verbatim@line=\toks32
\verbatim@in@stream=\read2
) (C:\Program Files\MiKTeX\tex/latex/tools\hhline.sty
Package: hhline 2020/01/04 v2.04 Table rule package (DPC)
) (C:\Program Files\MiKTeX\tex/latex/pgf/frontendlayer\tikz.sty (C:\Program Files\MiKTeX\tex/latex/pgf/basiclayer\pgf.sty (C:\Program Files\MiKTeX\tex/latex/pgf/utilities\pgfrcs.sty (C:\Program Files\MiKTeX\tex/generic/pgf/utilities\pgfutil-common.tex
\pgfutil@everybye=\toks33
\pgfutil@tempdima=\dimen269
\pgfutil@tempdimb=\dimen270
) (C:\Program Files\MiKTeX\tex/generic/pgf/utilities\pgfutil-latex.def
\pgfutil@abb=\box117
) (C:\Program Files\MiKTeX\tex/generic/pgf/utilities\pgfrcs.code.tex (C:\Program Files\MiKTeX\tex/generic/pgf\pgf.revision.tex)
Package: pgfrcs 2025-08-29 v3.1.11a (3.1.11a)
))
Package: pgf 2025-08-29 v3.1.11a (3.1.11a)
 (C:\Program Files\MiKTeX\tex/latex/pgf/basiclayer\pgfcore.sty (C:\Program Files\MiKTeX\tex/latex/pgf/systemlayer\pgfsys.sty (C:\Program Files\MiKTeX\tex/generic/pgf/systemlayer\pgfsys.code.tex
Package: pgfsys 2025-08-29 v3.1.11a (3.1.11a)
 (C:\Program Files\MiKTeX\tex/generic/pgf/utilities\pgfkeys.code.tex
\pgfkeys@pathtoks=\toks34
\pgfkeys@temptoks=\toks35
 (C:\Program Files\MiKTeX\tex/generic/pgf/utilities\pgfkeyslibraryfiltered.code.tex
\pgfkeys@tmptoks=\toks36
))
\pgf@x=\dimen271
\pgf@y=\dimen272
\pgf@xa=\dimen273
\pgf@ya=\dimen274
\pgf@xb=\dimen275
\pgf@yb=\dimen276
\pgf@xc=\dimen277
\pgf@yc=\dimen278
\pgf@xd=\dimen279
\pgf@yd=\dimen280
\w@pgf@writea=\write3
\r@pgf@reada=\read3
\c@pgf@counta=\count334
\c@pgf@countb=\count335
\c@pgf@countc=\count336
\c@pgf@countd=\count337
\t@pgf@toka=\toks37
\t@pgf@tokb=\toks38
\t@pgf@tokc=\toks39
\pgf@sys@id@count=\count338
 (C:\Program Files\MiKTeX\tex/generic/pgf/systemlayer\pgf.cfg
File: pgf.cfg 2025-08-29 v3.1.11a (3.1.11a)
)
Driver file for pgf: pgfsys-pdftex.def
 (C:\Program Files\MiKTeX\tex/generic/pgf/systemlayer\pgfsys-pdftex.def
File: pgfsys-pdftex.def 2025-08-29 v3.1.11a (3.1.11a)
 (C:\Program Files\MiKTeX\tex/generic/pgf/systemlayer\pgfsys-common-pdf.def
File: pgfsys-common-pdf.def 2025-08-29 v3.1.11a (3.1.11a)
))) (C:\Program Files\MiKTeX\tex/generic/pgf/systemlayer\pgfsyssoftpath.code.tex
File: pgfsyssoftpath.code.tex 2025-08-29 v3.1.11a (3.1.11a)
\pgfsyssoftpath@smallbuffer@items=\count339
\pgfsyssoftpath@bigbuffer@items=\count340
) (C:\Program Files\MiKTeX\tex/generic/pgf/systemlayer\pgfsysprotocol.code.tex
File: pgfsysprotocol.code.tex 2025-08-29 v3.1.11a (3.1.11a)
)) (C:\Program Files\MiKTeX\tex/generic/pgf/basiclayer\pgfcore.code.tex
Package: pgfcore 2025-08-29 v3.1.11a (3.1.11a)
 (C:\Program Files\MiKTeX\tex/generic/pgf/math\pgfmath.code.tex (C:\Program Files\MiKTeX\tex/generic/pgf/math\pgfmathutil.code.tex) (C:\Program Files\MiKTeX\tex/generic/pgf/math\pgfmathparser.code.tex
\pgfmath@dimen=\dimen281
\pgfmath@count=\count341
\pgfmath@box=\box118
\pgfmath@toks=\toks40
\pgfmath@stack@operand=\toks41
\pgfmath@stack@operation=\toks42
) (C:\Program Files\MiKTeX\tex/generic/pgf/math\pgfmathfunctions.code.tex) (C:\Program Files\MiKTeX\tex/generic/pgf/math\pgfmathfunctions.basic.code.tex) (C:\Program Files\MiKTeX\tex/generic/pgf/math\pgfmathfunctions.trigonometric.code.tex) (C:\Program Files\MiKTeX\tex/generic/pgf/math\pgfmathfunctions.random.code.tex) (C:\Program Files\MiKTeX\tex/generic/pgf/math\pgfmathfunctions.comparison.code.tex) (C:\Program Files\MiKTeX\tex/generic/pgf/math\pgfmathfunctions.base.code.tex) (C:\Program Files\MiKTeX\tex/generic/pgf/math\pgfmathfunctions.round.code.tex) (C:\Program Files\MiKTeX\tex/generic/pgf/math\pgfmathfunctions.misc.code.tex) (C:\Program Files\MiKTeX\tex/generic/pgf/math\pgfmathfunctions.integerarithmetics.code.tex) (C:\Program Files\MiKTeX\tex/generic/pgf/math\pgfmathcalc.code.tex) (C:\Program Files\MiKTeX\tex/generic/pgf/math\pgfmathfloat.code.tex
\c@pgfmathroundto@lastzeros=\count342
)) (C:\Program Files\MiKTeX\tex/generic/pgf/math\pgfint.code.tex) (C:\Program Files\MiKTeX\tex/generic/pgf/basiclayer\pgfcorepoints.code.tex
File: pgfcorepoints.code.tex 2025-08-29 v3.1.11a (3.1.11a)
\pgf@picminx=\dimen282
\pgf@picmaxx=\dimen283
\pgf@picminy=\dimen284
\pgf@picmaxy=\dimen285
\pgf@pathminx=\dimen286
\pgf@pathmaxx=\dimen287
\pgf@pathminy=\dimen288
\pgf@pathmaxy=\dimen289
\pgf@xx=\dimen290
\pgf@xy=\dimen291
\pgf@yx=\dimen292
\pgf@yy=\dimen293
\pgf@zx=\dimen294
\pgf@zy=\dimen295
) (C:\Program Files\MiKTeX\tex/generic/pgf/basiclayer\pgfcorepathconstruct.code.tex
File: pgfcorepathconstruct.code.tex 2025-08-29 v3.1.11a (3.1.11a)
\pgf@path@lastx=\dimen296
\pgf@path@lasty=\dimen297
) (C:\Program Files\MiKTeX\tex/generic/pgf/basiclayer\pgfcorepathusage.code.tex
File: pgfcorepathusage.code.tex 2025-08-29 v3.1.11a (3.1.11a)
\pgf@shorten@end@additional=\dimen298
\pgf@shorten@start@additional=\dimen299
) (C:\Program Files\MiKTeX\tex/generic/pgf/basiclayer\pgfcorescopes.code.tex
File: pgfcorescopes.code.tex 2025-08-29 v3.1.11a (3.1.11a)
\pgfpic=\box119
\pgf@hbox=\box120
\pgf@layerbox@main=\box121
\pgf@picture@serial@count=\count343
) (C:\Program Files\MiKTeX\tex/generic/pgf/basiclayer\pgfcoregraphicstate.code.tex
File: pgfcoregraphicstate.code.tex 2025-08-29 v3.1.11a (3.1.11a)
\pgflinewidth=\dimen300
) (C:\Program Files\MiKTeX\tex/generic/pgf/basiclayer\pgfcoretransformations.code.tex
File: pgfcoretransformations.code.tex 2025-08-29 v3.1.11a (3.1.11a)
\pgf@pt@x=\dimen301
\pgf@pt@y=\dimen302
\pgf@pt@temp=\dimen303
) (C:\Program Files\MiKTeX\tex/generic/pgf/basiclayer\pgfcorequick.code.tex
File: pgfcorequick.code.tex 2025-08-29 v3.1.11a (3.1.11a)
) (C:\Program Files\MiKTeX\tex/generic/pgf/basiclayer\pgfcoreobjects.code.tex
File: pgfcoreobjects.code.tex 2025-08-29 v3.1.11a (3.1.11a)
) (C:\Program Files\MiKTeX\tex/generic/pgf/basiclayer\pgfcorepathprocessing.code.tex
File: pgfcorepathprocessing.code.tex 2025-08-29 v3.1.11a (3.1.11a)
) (C:\Program Files\MiKTeX\tex/generic/pgf/basiclayer\pgfcorearrows.code.tex
File: pgfcorearrows.code.tex 2025-08-29 v3.1.11a (3.1.11a)
\pgfarrowsep=\dimen304
) (C:\Program Files\MiKTeX\tex/generic/pgf/basiclayer\pgfcoreshade.code.tex
File: pgfcoreshade.code.tex 2025-08-29 v3.1.11a (3.1.11a)
\pgf@max=\dimen305
\pgf@sys@shading@range@num=\count344
\pgf@shadingcount=\count345
) (C:\Program Files\MiKTeX\tex/generic/pgf/basiclayer\pgfcoreimage.code.tex
File: pgfcoreimage.code.tex 2025-08-29 v3.1.11a (3.1.11a)
) (C:\Program Files\MiKTeX\tex/generic/pgf/basiclayer\pgfcoreexternal.code.tex
File: pgfcoreexternal.code.tex 2025-08-29 v3.1.11a (3.1.11a)
\pgfexternal@startupbox=\box122
) (C:\Program Files\MiKTeX\tex/generic/pgf/basiclayer\pgfcorelayers.code.tex
File: pgfcorelayers.code.tex 2025-08-29 v3.1.11a (3.1.11a)
) (C:\Program Files\MiKTeX\tex/generic/pgf/basiclayer\pgfcoretransparency.code.tex
File: pgfcoretransparency.code.tex 2025-08-29 v3.1.11a (3.1.11a)
) (C:\Program Files\MiKTeX\tex/generic/pgf/basiclayer\pgfcorepatterns.code.tex
File: pgfcorepatterns.code.tex 2025-08-29 v3.1.11a (3.1.11a)
) (C:\Program Files\MiKTeX\tex/generic/pgf/basiclayer\pgfcorerdf.code.tex
File: pgfcorerdf.code.tex 2025-08-29 v3.1.11a (3.1.11a)
))) (C:\Program Files\MiKTeX\tex/generic/pgf/modules\pgfmoduleshapes.code.tex
File: pgfmoduleshapes.code.tex 2025-08-29 v3.1.11a (3.1.11a)
\pgfnodeparttextbox=\box123
) (C:\Program Files\MiKTeX\tex/generic/pgf/modules\pgfmoduleplot.code.tex
File: pgfmoduleplot.code.tex 2025-08-29 v3.1.11a (3.1.11a)
) (C:\Program Files\MiKTeX\tex/latex/pgf/compatibility\pgfcomp-version-0-65.sty
Package: pgfcomp-version-0-65 2025-08-29 v3.1.11a (3.1.11a)
\pgf@nodesepstart=\dimen306
\pgf@nodesepend=\dimen307
) (C:\Program Files\MiKTeX\tex/latex/pgf/compatibility\pgfcomp-version-1-18.sty
Package: pgfcomp-version-1-18 2025-08-29 v3.1.11a (3.1.11a)
)) (C:\Program Files\MiKTeX\tex/latex/pgf/utilities\pgffor.sty (C:\Program Files\MiKTeX\tex/latex/pgf/utilities\pgfkeys.sty (C:\Program Files\MiKTeX\tex/generic/pgf/utilities\pgfkeys.code.tex)) (C:\Program Files\MiKTeX\tex/latex/pgf/math\pgfmath.sty (C:\Program Files\MiKTeX\tex/generic/pgf/math\pgfmath.code.tex)) (C:\Program Files\MiKTeX\tex/generic/pgf/utilities\pgffor.code.tex
Package: pgffor 2025-08-29 v3.1.11a (3.1.11a)
\pgffor@iter=\dimen308
\pgffor@skip=\dimen309
\pgffor@stack=\toks43
\pgffor@toks=\toks44
)) (C:\Program Files\MiKTeX\tex/generic/pgf/frontendlayer/tikz\tikz.code.tex
Package: tikz 2025-08-29 v3.1.11a (3.1.11a)
 (C:\Program Files\MiKTeX\tex/generic/pgf/libraries\pgflibraryplothandlers.code.tex
File: pgflibraryplothandlers.code.tex 2025-08-29 v3.1.11a (3.1.11a)
\pgf@plot@mark@count=\count346
\pgfplotmarksize=\dimen310
)
\tikz@lastx=\dimen311
\tikz@lasty=\dimen312
\tikz@lastxsaved=\dimen313
\tikz@lastysaved=\dimen314
\tikz@lastmovetox=\dimen315
\tikz@lastmovetoy=\dimen316
\tikzleveldistance=\dimen317
\tikzsiblingdistance=\dimen318
\tikz@figbox=\box124
\tikz@figbox@bg=\box125
\tikz@tempbox=\box126
\tikz@tempbox@bg=\box127
\tikztreelevel=\count347
\tikznumberofchildren=\count348
\tikznumberofcurrentchild=\count349
\tikz@fig@count=\count350
 (C:\Program Files\MiKTeX\tex/generic/pgf/modules\pgfmodulematrix.code.tex
File: pgfmodulematrix.code.tex 2025-08-29 v3.1.11a (3.1.11a)
\pgfmatrixcurrentrow=\count351
\pgfmatrixcurrentcolumn=\count352
\pgf@matrix@numberofcolumns=\count353
)
\tikz@expandcount=\count354
 (C:\Program Files\MiKTeX\tex/generic/pgf/frontendlayer/tikz/libraries\tikzlibrarytopaths.code.tex
File: tikzlibrarytopaths.code.tex 2025-08-29 v3.1.11a (3.1.11a)
))) (C:\Program Files\MiKTeX\tex/latex/lastpage\lastpage.sty
Package: lastpage 2025/08/14 v2.1h lastpage: 2.09 or 2e? (HMM)
 (C:\Program Files\MiKTeX\tex/latex/lastpage\lastpage2e.sty
Package: lastpage2e 2025/08/14 v2.1h Decide which 2e lastpage version to use (HMM)
 (C:\Program Files\MiKTeX\tex/latex/lastpage\lastpagemodern.sty
Package: lastpagemodern 2025-08-14 v2.1h Refers to last page's name (HMM; JPG)
\c@lastpagecount=\count355
) 
)) (C:\Program Files\MiKTeX\tex/latex/float\float.sty
Package: float 2001/11/08 v1.3d Float enhancements (AL)
\c@float@type=\count356
\float@exts=\toks45
\float@box=\box128
\@float@everytoks=\toks46
\@floatcapt=\box129
) (C:\Program Files\MiKTeX\tex/latex/hyperref\hyperref.sty
Package: hyperref 2025-07-12 v7.01o Hypertext links for LaTeX
 (C:\Program Files\MiKTeX\tex/latex/kvsetkeys\kvsetkeys.sty
Package: kvsetkeys 2022-10-05 v1.19 Key value parser (HO)
) (C:\Program Files\MiKTeX\tex/generic/kvdefinekeys\kvdefinekeys.sty
Package: kvdefinekeys 2019-12-19 v1.6 Define keys (HO)
) (C:\Program Files\MiKTeX\tex/generic/pdfescape\pdfescape.sty
Package: pdfescape 2019/12/09 v1.15 Implements pdfTeX's escape features (HO)
 (C:\Program Files\MiKTeX\tex/generic/ltxcmds\ltxcmds.sty
Package: ltxcmds 2023-12-04 v1.26 LaTeX kernel commands for general use (HO)
) (C:\Program Files\MiKTeX\tex/generic/pdftexcmds\pdftexcmds.sty
Package: pdftexcmds 2020-06-27 v0.33 Utility functions of pdfTeX for LuaTeX (HO)
 (C:\Program Files\MiKTeX\tex/generic/infwarerr\infwarerr.sty
Package: infwarerr 2019/12/03 v1.5 Providing info/warning/error messages (HO)
)
Package pdftexcmds Info: \pdf@primitive is available.
Package pdftexcmds Info: \pdf@ifprimitive is available.
Package pdftexcmds Info: \pdfdraftmode found.
)) (C:\Program Files\MiKTeX\tex/latex/hycolor\hycolor.sty
Package: hycolor 2020-01-27 v1.10 Color options for hyperref/bookmark (HO)
) (C:\Program Files\MiKTeX\tex/latex/hyperref\nameref.sty
Package: nameref 2025-06-21 v2.57 Cross-referencing by name of section
 (C:\Program Files\MiKTeX\tex/latex/refcount\refcount.sty
Package: refcount 2019/12/15 v3.6 Data extraction from label references (HO)
) (C:\Program Files\MiKTeX\tex/generic/gettitlestring\gettitlestring.sty
Package: gettitlestring 2019/12/15 v1.6 Cleanup title references (HO)
 (C:\Program Files\MiKTeX\tex/latex/kvoptions\kvoptions.sty
Package: kvoptions 2022-06-15 v3.15 Key value format for package options (HO)
))
\c@section@level=\count357
) (C:\Program Files\MiKTeX\tex/latex/etoolbox\etoolbox.sty
Package: etoolbox 2025/10/02 v2.5m e-TeX tools for LaTeX (JAW)
\etb@tempcnta=\count358
) (C:\Program Files\MiKTeX\tex/generic/stringenc\stringenc.sty
Package: stringenc 2019/11/29 v1.12 Convert strings between diff. encodings (HO)
)
\@linkdim=\dimen319
\Hy@linkcounter=\count359
\Hy@pagecounter=\count360
 (C:\Program Files\MiKTeX\tex/latex/hyperref\pd1enc.def
File: pd1enc.def 2025-07-12 v7.01o Hyperref: PDFDocEncoding definition (HO)
Now handling font encoding PD1 ...
... no UTF-8 mapping file for font encoding PD1
) (C:\Program Files\MiKTeX\tex/generic/intcalc\intcalc.sty
Package: intcalc 2019/12/15 v1.3 Expandable calculations with integers (HO)
)
\Hy@SavedSpaceFactor=\count361
 (C:\Program Files\MiKTeX\tex/latex/hyperref\puenc.def
File: puenc.def 2025-07-12 v7.01o Hyperref: PDF Unicode definition (HO)
Now handling font encoding PU ...
... no UTF-8 mapping file for font encoding PU
)
Package hyperref Info: Option `colorlinks' set `true' on input line 4066.
Package hyperref Info: Hyper figures OFF on input line 4195.
Package hyperref Info: Link nesting OFF on input line 4200.
Package hyperref Info: Hyper index ON on input line 4203.
Package hyperref Info: Plain pages OFF on input line 4210.
Package hyperref Info: Backreferencing OFF on input line 4215.
Package hyperref Info: Implicit mode ON; LaTeX internals redefined.
Package hyperref Info: Bookmarks ON on input line 4462.
\c@Hy@tempcnt=\count362
 (C:\Program Files\MiKTeX\tex/latex/url\url.sty
\Urlmuskip=\muskip20
Package: url 2013/09/16  ver 3.4  Verb mode for urls, etc.
)
LaTeX Info: Redefining \url on input line 4801.
\XeTeXLinkMargin=\dimen320
 (C:\Program Files\MiKTeX\tex/generic/bitset\bitset.sty
Package: bitset 2019/12/09 v1.3 Handle bit-vector datatype (HO)
 (C:\Program Files\MiKTeX\tex/generic/bigintcalc\bigintcalc.sty
Package: bigintcalc 2019/12/15 v1.5 Expandable calculations on big integers (HO)
))
\Fld@menulength=\count363
\Field@Width=\dimen321
\Fld@charsize=\dimen322
Package hyperref Info: Hyper figures OFF on input line 6078.
Package hyperref Info: Link nesting OFF on input line 6083.
Package hyperref Info: Hyper index ON on input line 6086.
Package hyperref Info: backreferencing OFF on input line 6093.
Package hyperref Info: Link coloring ON on input line 6096.
Package hyperref Info: Link coloring with OCG OFF on input line 6103.
Package hyperref Info: PDF/A mode OFF on input line 6108.
\Hy@abspage=\count364
\c@Item=\count365
\c@Hfootnote=\count366
)
Package hyperref Info: Driver (autodetected): hpdftex.
 (C:\Program Files\MiKTeX\tex/latex/hyperref\hpdftex.def
File: hpdftex.def 2025-07-12 v7.01o Hyperref driver for pdfTeX
\Fld@listcount=\count367
\c@bookmark@seq@number=\count368
 (C:\Program Files\MiKTeX\tex/latex/rerunfilecheck\rerunfilecheck.sty
Package: rerunfilecheck 2025-06-21 v1.11 Rerun checks for auxiliary files (HO)
 (C:\Program Files\MiKTeX\tex/generic/uniquecounter\uniquecounter.sty
Package: uniquecounter 2019/12/15 v1.4 Provide unlimited unique counter (HO)
)
Package uniquecounter Info: New unique counter `rerunfilecheck' on input line 284.
)
\Hy@SectionHShift=\skip82
)
Package hyperref Info: Option `colorlinks' set `true' on input line 251.
 (C:\Program Files\MiKTeX\tex/latex/fancyhdr\fancyhdr.sty
Package: fancyhdr 2025/02/07 v5.2 Extensive control of page headers and footers
\f@nch@headwidth=\skip83
\f@nch@offset@elh=\skip84
\f@nch@offset@erh=\skip85
\f@nch@offset@olh=\skip86
\f@nch@offset@orh=\skip87
\f@nch@offset@elf=\skip88
\f@nch@offset@erf=\skip89
\f@nch@offset@olf=\skip90
\f@nch@offset@orf=\skip91
\f@nch@height=\skip92
\f@nch@footalignment=\skip93
\f@nch@widthL=\skip94
\f@nch@widthC=\skip95
\f@nch@widthR=\skip96
\@temptokenb=\toks47
)
\c@subsubsubsection=\count369
 (C:\Program Files\MiKTeX\tex/latex/glossaries-extra\glossaries-extra.sty
Package: glossaries-extra 2026/03/06 v2.0 (NLCT)
 (C:\Program Files\MiKTeX\tex/latex/xkeyval\xkeyval.sty
Package: xkeyval 2022/06/16 v2.9 package option processing (HA)
 (C:\Program Files\MiKTeX\tex/generic/xkeyval\xkeyval.tex (C:\Program Files\MiKTeX\tex/generic/xkeyval\xkvutils.tex
\XKV@toks=\toks48
\XKV@tempa@toks=\toks49
)
\XKV@depth=\count370
File: xkeyval.tex 2014/12/03 v2.7a key=value parser (HA)
)) (C:\Program Files\MiKTeX\tex/latex/glossaries/base\glossaries.sty
Package: glossaries 2026/03/06 v5.0 (NLCT)
 (C:\Program Files\MiKTeX\tex/latex/mfirstuc\mfirstuc.sty
Package: mfirstuc 2025/04/03 v2.09 (NLCT)
\@glsmfirst=\toks50
\@glsmrest=\toks51
) (C:\Program Files\MiKTeX\tex/latex/xfor\xfor.sty
Package: xfor 2009/02/05 v1.05 (NLCT)
) (C:\Program Files\MiKTeX\tex/latex/datatool\datatool-base.sty
Package: datatool-base 2025/12/04 v3.4.3 (NLCT)
 (C:\Program Files\MiKTeX\tex/latex/tracklang\tracklang.sty
Package: tracklang 2025/03/11 v1.6.6 (NLCT) Track Languages
 (C:\Program Files\MiKTeX\tex/generic/tracklang\tracklang.tex))
\l__datatool_tmpa_int=\count371
\l__datatool_tmpb_int=\count372
\l__datatool_tmpc_int=\count373
\l__datatool_tmpd_int=\count374
\l__datatool_count_int=\count375
\l__datatool_tmp_datatype_int=\count376
\l__datatool_tmpa_dim=\dimen323
\l__datatool_tmpb_dim=\dimen324
 (C:\Program Files\MiKTeX\tex/latex/datatool\datatool-l3fp.def
File: datatool-l3fp.def 2025/12/04 v3.4.3 (NLCT)
)
\@dtl@toks=\toks52
\@dtl@tmpcount=\count377
\dtl@tmplength=\skip97
\l__datatool_measure_box=\box130
\dtl@sortresult=\count378
 (C:\Program Files\MiKTeX\tex/latex/datatool\datatool-utf8.ldf
File: datatool-utf8.ldf 2025/12/04 v3.4.3 (NLCT)
)
\@dtl@datatype=\count379
\c_datatool_unknown_int=\count380
\l__datatool_year_int=\count381
\l__datatool_month_int=\count382
\l__datatool_day_int=\count383
\l__datatool_hour_int=\count384
\l__datatool_minute_int=\count385
\l__datatool_second_int=\count386
\l__datatool_tzhour_int=\count387
\l__datatool_tzminute_int=\count388
\l__datatool_julian_int=\count389
\l__datatool_local_julian_int=\count390
\l__datatool_prefix_int=\count391
\l__datatool_suffix_int=\count392
\@dtl@foreach@level=\count393
\dtl@codeA=\count394
\dtl@codeB=\count395
)
\gls@level=\count396
\@gls@tmpb=\toks53
\gls@tmplen=\skip98
\l__glossaries_tmpa_dim=\dimen325
\l__glossaries_tmpb_dim=\dimen326
\glskeylisttok=\toks54
\glslabeltok=\toks55
\glsshorttok=\toks56
\glslongtok=\toks57
 (C:\Program Files\MiKTeX\tex/latex/glossaries/styles\glossary-hypernav.sty
Package: glossary-hypernav 2026/03/06 v5.0 (NLCT)
) (C:\Program Files\MiKTeX\tex/latex/glossaries/styles\glossary-list.sty
Package: glossary-list 2026/03/06 v5.0 (NLCT)
\glslistdottedwidth=\skip99
) (C:\Program Files\MiKTeX\tex/latex/glossaries/styles\glossary-long.sty
Package: glossary-long 2026/03/06 v5.0 (NLCT)
 (C:\Program Files\MiKTeX\tex/latex/tools\longtable.sty
Package: longtable 2025-10-13 v4.24 Multi-page Table package (DPC)
\LTleft=\skip100
\LTright=\skip101
\LTpre=\skip102
\LTpost=\skip103
\LTchunksize=\count397
\LTcapwidth=\dimen327
\LT@head=\box131
\LT@firsthead=\box132
\LT@foot=\box133
\LT@lastfoot=\box134
\LT@gbox=\box135
\LT@cols=\count398
\LT@rows=\count399
\c@LT@tables=\count400
\c@LT@chunks=\count401
\LT@p@ftn=\toks58
)
\glsdescwidth=\skip104
\glspagelistwidth=\skip105
) (C:\Program Files\MiKTeX\tex/latex/glossaries/styles\glossary-super.sty
Package: glossary-super 2026/03/06 v5.0 (NLCT)
 (C:\Program Files\MiKTeX\tex/latex/supertabular\supertabular.sty
Package: supertabular 2025/06/26 v4.2d the supertabular environment
\c@tracingst=\count402
\ST@wd=\dimen328
\ST@rightskip=\skip106
\ST@leftskip=\skip107
\ST@parfillskip=\skip108
\ST@pageleft=\dimen329
\ST@headht=\dimen330
\ST@tailht=\dimen331
\ST@pagesofar=\dimen332
\ST@pboxht=\dimen333
\ST@rowht=\dimen334
\ST@prevht=\dimen335
\ST@toadd=\dimen336
\ST@dimen=\dimen337
\ST@pbox=\box136
)) (C:\Program Files\MiKTeX\tex/latex/glossaries/styles\glossary-tree.sty
Package: glossary-tree 2026/03/06 v5.0 (NLCT)
\l__glossaries_tree_max_known_level_int=\count403
\l__glossaries_tree_offset_dim=\dimen338
\l__glossaries_tree_namewidth_dim=\dimen339
\l__glossaries_tree_symbolwidth_dim=\dimen340
\l__glossaries_tree_prenamesym_width_dim=\dimen341
\l__glossaries_tree_presubnamesym_width_dim=\dimen342
\l__glossaries_tree_namewidth_padding_dim=\dimen343
\l__glossaries_tree_symbolwidth_padding_dim=\dimen344
\l__glossaries_tree_namesymbolwidth_dim=\dimen345
\l__glossaries_tree_namesymbolwidth_padding_dim=\dimen346
\l__glossaries_tree_level_int=\count404
\glstreeindent=\skip109
))
\@glsxtr@leveloffset=\count405
\glsxtrresourcecount=\count406
\@glsxtrnewgls@inner=\count407
\glsshortpltok=\toks59
\glslongpltok=\toks60
 (C:\Program Files\MiKTeX\tex/latex/glossaries-extra\glossaries-extra-abbrstyles.def
File: glossaries-extra-abbrstyles.def 2026/03/06 v2.0 (NLCT)
)
\mglselementindex=\count408
 (C:\Program Files\MiKTeX\tex/latex/glossaries-extra\glossaries-extra-stylemods.sty
Package: glossaries-extra-stylemods 2026/03/06 v2.0 (NLCT)
\glsxtrAltTreeIndent=\skip110
\glsxtrtreetopindent=\skip111
)) (C:\Program Files\MiKTeX\tex/generic/pgf/frontendlayer/tikz/libraries\tikzlibrarycalc.code.tex
File: tikzlibrarycalc.code.tex 2025-08-29 v3.1.11a (3.1.11a)
)) (C:\Program Files\MiKTeX\tex/latex/changepage\changepage.sty
Package: changepage 2009/10/20 v1.0c check page and change page layout
\c@cp@cntr=\count409
\cp@tempcnt=\count410
LaTeX Info: Redefining \checkoddpage on input line 59.
) (C:\Program Files\MiKTeX\tex/latex/l3backend\l3backend-pdftex.def
File: l3backend-pdftex.def 2025-10-09 L3 backend support: PDF output (pdfTeX)
\l__color_backend_stack_int=\count411
) (main.aux)
\openout1 = `main.aux'.

LaTeX Font Info:    Checking defaults for OML/cmm/m/it on input line 6.
LaTeX Font Info:    ... okay on input line 6.
LaTeX Font Info:    Checking defaults for OMS/cmsy/m/n on input line 6.
LaTeX Font Info:    ... okay on input line 6.
LaTeX Font Info:    Checking defaults for OT1/cmr/m/n on input line 6.
LaTeX Font Info:    ... okay on input line 6.
LaTeX Font Info:    Checking defaults for T1/cmr/m/n on input line 6.
LaTeX Font Info:    ... okay on input line 6.
LaTeX Font Info:    Checking defaults for TS1/cmr/m/n on input line 6.
LaTeX Font Info:    ... okay on input line 6.
LaTeX Font Info:    Checking defaults for OMX/cmex/m/n on input line 6.
LaTeX Font Info:    ... okay on input line 6.
LaTeX Font Info:    Checking defaults for U/cmr/m/n on input line 6.
LaTeX Font Info:    ... okay on input line 6.
LaTeX Font Info:    Checking defaults for T5/cmr/m/n on input line 6.
LaTeX Font Info:    ... okay on input line 6.
LaTeX Font Info:    Checking defaults for PD1/pdf/m/n on input line 6.
LaTeX Font Info:    ... okay on input line 6.
LaTeX Font Info:    Checking defaults for PU/pdf/m/n on input line 6.
LaTeX Font Info:    ... okay on input line 6.

*geometry* driver: auto-detecting
*geometry* detected driver: pdftex
*geometry* verbose mode - [ preamble ] result:
* driver: pdftex
* paper: custom
* layout: <same size as paper>
* layoutoffset:(h,v)=(0.0pt,0.0pt)
* modes: 
* h-part:(L,W,R)=(56.9055pt, 483.69687pt, 56.9055pt)
* v-part:(T,H,B)=(56.9055pt, 702.78299pt, 85.35826pt)
* \paperwidth=597.50787pt
* \paperheight=845.04675pt
* \textwidth=483.69687pt
* \textheight=702.78299pt
* \oddsidemargin=-15.36449pt
* \evensidemargin=-15.36449pt
* \topmargin=-52.36449pt
* \headheight=40.0pt
* \headsep=25.0pt
* \topskip=10.0pt
* \footskip=30.0pt
* \marginparwidth=57.0pt
* \marginparsep=11.0pt
* \columnsep=10.0pt
* \skip\footins=11.69997pt plus 5.19942pt minus 2.60054pt
* \hoffset=0.0pt
* \voffset=0.0pt
* \mag=1000
* \@twocolumnfalse
* \@twosidefalse
* \@mparswitchfalse
* \@reversemarginfalse
* (1in=72.27pt=25.4mm, 1cm=28.453pt)

(C:\Program Files\MiKTeX\tex/context/base/mkii\supp-pdf.mkii
[Loading MPS to PDF converter (version 2006.09.02).]
\scratchcounter=\count412
\scratchdimen=\dimen347
\scratchbox=\box137
\nofMPsegments=\count413
\nofMParguments=\count414
\everyMPshowfont=\toks61
\MPscratchCnt=\count415
\MPscratchDim=\dimen348
\MPnumerator=\count416
\makeMPintoPDFobject=\count417
\everyMPtoPDFconversion=\toks62
) (C:\Program Files\MiKTeX\tex/latex/epstopdf-pkg\epstopdf-base.sty
Package: epstopdf-base 2020-01-24 v2.11 Base part for package epstopdf
Package epstopdf-base Info: Redefining graphics rule for `.eps' on input line 485.
 (C:\Program Files\MiKTeX\tex/latex/00miktex\epstopdf-sys.cfg
File: epstopdf-sys.cfg 2021/03/18 v2.0 Configuration of epstopdf for MiKTeX
))
Package caption Info: Begin \AtBeginDocument code.
Package caption Info: changepage package is loaded.
\caption@adjustwidth@hsize=\dimen349
\caption@adjustwidth@linewidth=\dimen350
Package caption Info: float package is loaded.
Package caption Info: hyperref package is loaded.
Package caption Info: listings package is loaded.
Package caption Info: longtable package is loaded.
 (C:\Program Files\MiKTeX\tex/latex/caption\ltcaption.sty
Package: ltcaption 2021/01/08 v1.4c longtable captions (AR)
)
Package caption Info: supertabular package is loaded.
Package caption Info: End \AtBeginDocument code.
\c@lstlisting=\count418
Package hyperref Info: Link coloring ON on input line 6.
 (main.out) (main.out)
\@outlinefile=\write4
\openout4 = `main.out'.

 (format/coverpage.tex
<format/HCMUT logo.png, id=178, 1212.53pt x 1224.575pt>
File: format/HCMUT logo.png Graphic file (type png)
<use format/HCMUT logo.png>
Package pdftex.def Info: format/HCMUT logo.png  used on input line 21.
(pdftex.def)             Requested size: 113.81102pt x 114.93442pt.
\titlewidth=\skip112
LaTeX Font Info:    Calculating math sizes for size <13> on input line 40.
LaTeX Font Info:    Trying to load font information for U+msa on input line 40.
 (C:\Program Files\MiKTeX\tex/latex/amsfonts\umsa.fd
File: umsa.fd 2013/01/14 v3.01 AMS symbols A
)
LaTeX Font Info:    Trying to load font information for U+msb on input line 40.
 (C:\Program Files\MiKTeX\tex/latex/amsfonts\umsb.fd
File: umsb.fd 2013/01/14 v3.01 AMS symbols B
) [1

{C:/Users/luomd/AppData/Local/MiKTeX/fonts/map/pdftex/pdftex.map} <./format/HCMUT logo.png>]) (main.toc
File: format/HCMUT logo.png Graphic file (type png)
<use format/HCMUT logo.png>
Package pdftex.def Info: format/HCMUT logo.png  used on input line 26.
(pdftex.def)             Requested size: 22.75708pt x 22.75891pt.
LaTeX Font Info:    Trying to load font information for T5+cmtt on input line 26.
 (C:\Program Files\MiKTeX\tex/latex/vntex\t5cmtt.fd
File: t5cmtt.fd 1999/05/25 v2.5h Standard LaTeX font definitions
)
LaTeX Font Info:    Font shape `T5/cmtt/bx/n' in size <13> not available
(Font)              Font shape `T5/cmtt/m/n' tried instead on input line 26.

pdfTeX warning (ext4): destination with the same identifier (name{page.1}) has been already used, duplicate ignored
<to be read again> 
                   \relax 
l.26 ...ine {4.1}Module Views}{34}{subsection.4.1}
                                                  % [1])
\tf@toc=\write5
\openout5 = `main.toc'.

File: format/HCMUT logo.png Graphic file (type png)
<use format/HCMUT logo.png>
Package pdftex.def Info: format/HCMUT logo.png  used on input line 13.
(pdftex.def)             Requested size: 22.75708pt x 22.75891pt.
 [2] (main.lof)
\tf@lof=\write6
\openout6 = `main.lof'.

 (main.lot)
\tf@lot=\write7
\openout7 = `main.lot'.

File: format/HCMUT logo.png Graphic file (type png)
<use format/HCMUT logo.png>
Package pdftex.def Info: format/HCMUT logo.png  used on input line 18.
(pdftex.def)             Requested size: 22.75708pt x 22.75891pt.
 [3] (format/workload.tex
Underfull \hbox (badness 10000) in paragraph at lines 9--10
[]|\T5/cmr/bx/n/13 Ho n
 []

)
File: format/HCMUT logo.png Graphic file (type png)
<use format/HCMUT logo.png>
Package pdftex.def Info: format/HCMUT logo.png  used on input line 20.
(pdftex.def)             Requested size: 22.75708pt x 22.75891pt.
 [4] (source/Context Describe.tex
File: format/HCMUT logo.png Graphic file (type png)
<use format/HCMUT logo.png>
Package pdftex.def Info: format/HCMUT logo.png  used on input line 13.
(pdftex.def)             Requested size: 22.75708pt x 22.75891pt.
 [5]
File: format/HCMUT logo.png Graphic file (type png)
<use format/HCMUT logo.png>
Package pdftex.def Info: format/HCMUT logo.png  used on input line 22.
(pdftex.def)             Requested size: 22.75708pt x 22.75891pt.
 [6]
File: format/HCMUT logo.png Graphic file (type png)
<use format/HCMUT logo.png>
Package pdftex.def Info: format/HCMUT logo.png  used on input line 34.
(pdftex.def)             Requested size: 22.75708pt x 22.75891pt.
 [7]
File: format/HCMUT logo.png Graphic file (type png)
<use format/HCMUT logo.png>
Package pdftex.def Info: format/HCMUT logo.png  used on input line 48.
(pdftex.def)             Requested size: 22.75708pt x 22.75891pt.
 [8]
File: format/HCMUT logo.png Graphic file (type png)
<use format/HCMUT logo.png>
Package pdftex.def Info: format/HCMUT logo.png  used on input line 64.
(pdftex.def)             Requested size: 22.75708pt x 22.75891pt.
 [9])
File: format/HCMUT logo.png Graphic file (type png)
<use format/HCMUT logo.png>
Package pdftex.def Info: format/HCMUT logo.png  used on input line 25.
(pdftex.def)             Requested size: 22.75708pt x 22.75891pt.
 [10] (source/Usecase.tex
Overfull \hbox (1.01364pt too wide) in alignment at lines 7--77
 [] [] 
 []

source/Usecase.tex:77: ignored error: Infinite glue shrinkage found in box being split
File: format/HCMUT logo.png Graphic file (type png)
<use format/HCMUT logo.png>
Package pdftex.def Info: format/HCMUT logo.png  used on input line 77.
(pdftex.def)             Requested size: 22.75708pt x 22.75891pt.
 [11]
Overfull \hbox (1.01364pt too wide) in alignment at lines 82--155
 [] [] 
 []

File: format/HCMUT logo.png Graphic file (type png)
<use format/HCMUT logo.png>
Package pdftex.def Info: format/HCMUT logo.png  used on input line 155.
(pdftex.def)             Requested size: 22.75708pt x 22.75891pt.
[12]
source/Usecase.tex:155: ignored error: Infinite glue shrinkage found in box being split
File: format/HCMUT logo.png Graphic file (type png)
<use format/HCMUT logo.png>
Package pdftex.def Info: format/HCMUT logo.png  used on input line 155.
(pdftex.def)             Requested size: 22.75708pt x 22.75891pt.
 [13]
Overfull \hbox (1.01364pt too wide) in alignment at lines 160--229
 [] [] 
 []

File: format/HCMUT logo.png Graphic file (type png)
<use format/HCMUT logo.png>
Package pdftex.def Info: format/HCMUT logo.png  used on input line 229.
(pdftex.def)             Requested size: 22.75708pt x 22.75891pt.
[14]
source/Usecase.tex:229: ignored error: Infinite glue shrinkage found in box being split
File: format/HCMUT logo.png Graphic file (type png)
<use format/HCMUT logo.png>
Package pdftex.def Info: format/HCMUT logo.png  used on input line 229.
(pdftex.def)             Requested size: 22.75708pt x 22.75891pt.
 [15]
Overfull \hbox (1.01364pt too wide) in alignment at lines 234--316
 [] [] 
 []

source/Usecase.tex:316: ignored error: Infinite glue shrinkage found in box being split
File: format/HCMUT logo.png Graphic file (type png)
<use format/HCMUT logo.png>
Package pdftex.def Info: format/HCMUT logo.png  used on input line 316.
(pdftex.def)             Requested size: 22.75708pt x 22.75891pt.
 [16]
source/Usecase.tex:316: ignored error: Infinite glue shrinkage found in box being split
File: format/HCMUT logo.png Graphic file (type png)
<use format/HCMUT logo.png>
Package pdftex.def Info: format/HCMUT logo.png  used on input line 316.
(pdftex.def)             Requested size: 22.75708pt x 22.75891pt.
 [17]
Overfull \hbox (1.01364pt too wide) in alignment at lines 321--382
 [] [] 
 []

source/Usecase.tex:382: ignored error: Infinite glue shrinkage found in box being split
File: format/HCMUT logo.png Graphic file (type png)
<use format/HCMUT logo.png>
Package pdftex.def Info: format/HCMUT logo.png  used on input line 382.
(pdftex.def)             Requested size: 22.75708pt x 22.75891pt.
 [18]
Overfull \hbox (1.01364pt too wide) in alignment at lines 387--440
 [] [] 
 []

source/Usecase.tex:440: ignored error: Infinite glue shrinkage found in box being split
File: format/HCMUT logo.png Graphic file (type png)
<use format/HCMUT logo.png>
Package pdftex.def Info: format/HCMUT logo.png  used on input line 440.
(pdftex.def)             Requested size: 22.75708pt x 22.75891pt.
 [19]
Overfull \hbox (1.01364pt too wide) in alignment at lines 445--489
 [] [] 
 []

source/Usecase.tex:489: ignored error: Infinite glue shrinkage found in box being split
File: format/HCMUT logo.png Graphic file (type png)
<use format/HCMUT logo.png>
Package pdftex.def Info: format/HCMUT logo.png  used on input line 489.
(pdftex.def)             Requested size: 22.75708pt x 22.75891pt.
 [20]
Overfull \hbox (1.01364pt too wide) in alignment at lines 494--538
 [] [] 
 []

source/Usecase.tex:538: ignored error: Infinite glue shrinkage found in box being split
File: format/HCMUT logo.png Graphic file (type png)
<use format/HCMUT logo.png>
Package pdftex.def Info: format/HCMUT logo.png  used on input line 538.
(pdftex.def)             Requested size: 22.75708pt x 22.75891pt.
 [21]
Overfull \hbox (1.01364pt too wide) in alignment at lines 543--601
 [] [] 
 []

source/Usecase.tex:601: ignored error: Infinite glue shrinkage found in box being split
File: format/HCMUT logo.png Graphic file (type png)
<use format/HCMUT logo.png>
Package pdftex.def Info: format/HCMUT logo.png  used on input line 601.
(pdftex.def)             Requested size: 22.75708pt x 22.75891pt.
 [22]
Overfull \hbox (1.01364pt too wide) in alignment at lines 606--668
 [] [] 
 []

source/Usecase.tex:668: ignored error: Infinite glue shrinkage found in box being split
File: format/HCMUT logo.png Graphic file (type png)
<use format/HCMUT logo.png>
Package pdftex.def Info: format/HCMUT logo.png  used on input line 668.
(pdftex.def)             Requested size: 22.75708pt x 22.75891pt.
 [23]
source/Usecase.tex:668: ignored error: Infinite glue shrinkage found in box being split
File: format/HCMUT logo.png Graphic file (type png)
<use format/HCMUT logo.png>
Package pdftex.def Info: format/HCMUT logo.png  used on input line 668.
(pdftex.def)             Requested size: 22.75708pt x 22.75891pt.
 [24]
Overfull \hbox (1.01364pt too wide) in alignment at lines 673--739
 [] [] 
 []

source/Usecase.tex:739: ignored error: Infinite glue shrinkage found in box being split
File: format/HCMUT logo.png Graphic file (type png)
<use format/HCMUT logo.png>
Package pdftex.def Info: format/HCMUT logo.png  used on input line 739.
(pdftex.def)             Requested size: 22.75708pt x 22.75891pt.
 [25]
Overfull \hbox (1.01364pt too wide) in alignment at lines 744--813
 [] [] 
 []

source/Usecase.tex:813: ignored error: Infinite glue shrinkage found in box being split
File: format/HCMUT logo.png Graphic file (type png)
<use format/HCMUT logo.png>
Package pdftex.def Info: format/HCMUT logo.png  used on input line 813.
(pdftex.def)             Requested size: 22.75708pt x 22.75891pt.
 [26]
Overfull \hbox (1.01364pt too wide) in alignment at lines 818--889
 [] [] 
 []

File: format/HCMUT logo.png Graphic file (type png)
<use format/HCMUT logo.png>
Package pdftex.def Info: format/HCMUT logo.png  used on input line 889.
(pdftex.def)             Requested size: 22.75708pt x 22.75891pt.
[27]
source/Usecase.tex:889: ignored error: Infinite glue shrinkage found in box being split
File: format/HCMUT logo.png Graphic file (type png)
<use format/HCMUT logo.png>
Package pdftex.def Info: format/HCMUT logo.png  used on input line 889.
(pdftex.def)             Requested size: 22.75708pt x 22.75891pt.
 [28]
Overfull \hbox (1.01364pt too wide) in alignment at lines 894--952
 [] [] 
 []

source/Usecase.tex:952: ignored error: Infinite glue shrinkage found in box being split
File: format/HCMUT logo.png Graphic file (type png)
<use format/HCMUT logo.png>
Package pdftex.def Info: format/HCMUT logo.png  used on input line 952.
(pdftex.def)             Requested size: 22.75708pt x 22.75891pt.
 [29]
Overfull \hbox (1.01364pt too wide) in alignment at lines 957--1019
 [] [] 
 []

source/Usecase.tex:1019: ignored error: Infinite glue shrinkage found in box being split
File: format/HCMUT logo.png Graphic file (type png)
<use format/HCMUT logo.png>
Package pdftex.def Info: format/HCMUT logo.png  used on input line 1019.
(pdftex.def)             Requested size: 22.75708pt x 22.75891pt.
 [30])
File: format/HCMUT logo.png Graphic file (type png)
<use format/HCMUT logo.png>
Package pdftex.def Info: format/HCMUT logo.png  used on input line 27.
(pdftex.def)             Requested size: 22.75708pt x 22.75891pt.
 [31] (source/ArchitectureStyles Comparison.tex
File: format/HCMUT logo.png Graphic file (type png)
<use format/HCMUT logo.png>
Package pdftex.def Info: format/HCMUT logo.png  used on input line 9.
(pdftex.def)             Requested size: 22.75708pt x 22.75891pt.
 [32])
File: format/HCMUT logo.png Graphic file (type png)
<use format/HCMUT logo.png>
Package pdftex.def Info: format/HCMUT logo.png  used on input line 29.
(pdftex.def)             Requested size: 22.75708pt x 22.75891pt.
 [33] (source/4-view.tex
<image/4.1.1.png, id=611, 895.345pt x 501.875pt>
File: image/4.1.1.png Graphic file (type png)
<use image/4.1.1.png>
Package pdftex.def Info: image/4.1.1.png  used on input line 7.
(pdftex.def)             Requested size: 459.51054pt x 257.57635pt.
File: format/HCMUT logo.png Graphic file (type png)
<use format/HCMUT logo.png>
Package pdftex.def Info: format/HCMUT logo.png  used on input line 29.
(pdftex.def)             Requested size: 22.75708pt x 22.75891pt.
 [34 <./image/4.1.1.png>]
<image/4.1.2.png, id=618, 776.9025pt x 1200.485pt>
File: image/4.1.2.png Graphic file (type png)
<use image/4.1.2.png>
Package pdftex.def Info: image/4.1.2.png  used on input line 45.
(pdftex.def)             Requested size: 338.58632pt x 523.19594pt.
File: format/HCMUT logo.png Graphic file (type png)
<use format/HCMUT logo.png>
Package pdftex.def Info: format/HCMUT logo.png  used on input line 49.
(pdftex.def)             Requested size: 22.75708pt x 22.75891pt.
 [35]
File: format/HCMUT logo.png Graphic file (type png)
<use format/HCMUT logo.png>
Package pdftex.def Info: format/HCMUT logo.png  used on input line 56.
(pdftex.def)             Requested size: 22.75708pt x 22.75891pt.
 [36 <./image/4.1.2.png>]
<image/4.1.3.png, id=631, 948.54375pt x 441.65pt>
File: image/4.1.3.png Graphic file (type png)
<use image/4.1.3.png>
Package pdftex.def Info: image/4.1.3.png  used on input line 88.
(pdftex.def)             Requested size: 435.32422pt x 202.68973pt.
File: format/HCMUT logo.png Graphic file (type png)
<use format/HCMUT logo.png>
Package pdftex.def Info: format/HCMUT logo.png  used on input line 92.
(pdftex.def)             Requested size: 22.75708pt x 22.75891pt.
 [37]
File: format/HCMUT logo.png Graphic file (type png)
<use format/HCMUT logo.png>
Package pdftex.def Info: format/HCMUT logo.png  used on input line 119.
(pdftex.def)             Requested size: 22.75708pt x 22.75891pt.
 [38 <./image/4.1.3.png>]
<image/4.2.2.png, id=643, 1137.24875pt x 532.99126pt>
File: image/4.2.2.png Graphic file (type png)
<use image/4.2.2.png>
Package pdftex.def Info: image/4.2.2.png  used on input line 135.
(pdftex.def)             Requested size: 459.51054pt x 215.35605pt.
File: format/HCMUT logo.png Graphic file (type png)
<use format/HCMUT logo.png>
Package pdftex.def Info: format/HCMUT logo.png  used on input line 143.
(pdftex.def)             Requested size: 22.75708pt x 22.75891pt.
 [39 <./image/4.2.2.png>]
File: format/HCMUT logo.png Graphic file (type png)
<use format/HCMUT logo.png>
Package pdftex.def Info: format/HCMUT logo.png  used on input line 184.
(pdftex.def)             Requested size: 22.75708pt x 22.75891pt.
 [40]
File: format/HCMUT logo.png Graphic file (type png)
<use format/HCMUT logo.png>
Package pdftex.def Info: format/HCMUT logo.png  used on input line 217.
(pdftex.def)             Requested size: 22.75708pt x 22.75891pt.
 [41]
<image/4.2.1.png, id=669, 544.0325pt x 685.56125pt>
File: image/4.2.1.png Graphic file (type png)
<use image/4.2.1.png>
Package pdftex.def Info: image/4.2.1.png  used on input line 232.
(pdftex.def)             Requested size: 435.32422pt x 548.59619pt.
File: format/HCMUT logo.png Graphic file (type png)
<use format/HCMUT logo.png>
Package pdftex.def Info: format/HCMUT logo.png  used on input line 236.
(pdftex.def)             Requested size: 22.75708pt x 22.75891pt.
 [42]
File: format/HCMUT logo.png Graphic file (type png)
<use format/HCMUT logo.png>
Package pdftex.def Info: format/HCMUT logo.png  used on input line 241.
(pdftex.def)             Requested size: 22.75708pt x 22.75891pt.
 [43 <./image/4.2.1.png>]
File: format/HCMUT logo.png Graphic file (type png)
<use format/HCMUT logo.png>
Package pdftex.def Info: format/HCMUT logo.png  used on input line 289.
(pdftex.def)             Requested size: 22.75708pt x 22.75891pt.
 [44]
File: format/HCMUT logo.png Graphic file (type png)
<use format/HCMUT logo.png>
Package pdftex.def Info: format/HCMUT logo.png  used on input line 323.
(pdftex.def)             Requested size: 22.75708pt x 22.75891pt.
 [45]
<image/4.3.1.png, id=702, 845.1575pt x 948.54375pt>
File: image/4.3.1.png Graphic file (type png)
<use image/4.3.1.png>
Package pdftex.def Info: image/4.3.1.png  used on input line 347.
(pdftex.def)             Requested size: 435.32422pt x 488.58508pt.
File: format/HCMUT logo.png Graphic file (type png)
<use format/HCMUT logo.png>
Package pdftex.def Info: format/HCMUT logo.png  used on input line 351.
(pdftex.def)             Requested size: 22.75708pt x 22.75891pt.
 [46]
File: format/HCMUT logo.png Graphic file (type png)
<use format/HCMUT logo.png>
Package pdftex.def Info: format/HCMUT logo.png  used on input line 360.
(pdftex.def)             Requested size: 22.75708pt x 22.75891pt.
 [47 <./image/4.3.1.png>]
<image/4.3.2.png, id=714, 986.68625pt x 637.38126pt>
File: image/4.3.2.png Graphic file (type png)
<use image/4.3.2.png>
Package pdftex.def Info: image/4.3.2.png  used on input line 387.
(pdftex.def)             Requested size: 459.51054pt x 296.83632pt.
File: format/HCMUT logo.png Graphic file (type png)
<use format/HCMUT logo.png>
Package pdftex.def Info: format/HCMUT logo.png  used on input line 391.
(pdftex.def)             Requested size: 22.75708pt x 22.75891pt.
 [48]
File: format/HCMUT logo.png Graphic file (type png)
<use format/HCMUT logo.png>
Package pdftex.def Info: format/HCMUT logo.png  used on input line 410.
(pdftex.def)             Requested size: 22.75708pt x 22.75891pt.
 [49 <./image/4.3.2.png>]
File: format/HCMUT logo.png Graphic file (type png)
<use format/HCMUT logo.png>
Package pdftex.def Info: format/HCMUT logo.png  used on input line 457.
(pdftex.def)             Requested size: 22.75708pt x 22.75891pt.
 [50])
File: format/HCMUT logo.png Graphic file (type png)
<use format/HCMUT logo.png>
Package pdftex.def Info: format/HCMUT logo.png  used on input line 32.
(pdftex.def)             Requested size: 22.75708pt x 22.75891pt.
 [51] (source/Class Diagram.tex
<image/class-diagram-uc-1-2-3.png, id=738, 1304.875pt x 1073.00874pt>
File: image/class-diagram-uc-1-2-3.png Graphic file (type png)
<use image/class-diagram-uc-1-2-3.png>
Package pdftex.def Info: image/class-diagram-uc-1-2-3.png  used on input line 10.
(pdftex.def)             Requested size: 435.32422pt x 357.97432pt.
File: format/HCMUT logo.png Graphic file (type png)
<use format/HCMUT logo.png>
Package pdftex.def Info: format/HCMUT logo.png  used on input line 15.
(pdftex.def)             Requested size: 22.75708pt x 22.75891pt.
 [52 <./image/class-diagram-uc-1-2-3.png>]
File: format/HCMUT logo.png Graphic file (type png)
<use format/HCMUT logo.png>
Package pdftex.def Info: format/HCMUT logo.png  used on input line 26.
(pdftex.def)             Requested size: 22.75708pt x 22.75891pt.
 [53]
<image/class-diagram-uc-4-5.drawio.png, id=750, 1843.88875pt x 943.525pt>
File: image/class-diagram-uc-4-5.drawio.png Graphic file (type png)
<use image/class-diagram-uc-4-5.drawio.png>
Package pdftex.def Info: image/class-diagram-uc-4-5.drawio.png  used on input line 31.
(pdftex.def)             Requested size: 435.32422pt x 222.7506pt.
File: format/HCMUT logo.png Graphic file (type png)
<use format/HCMUT logo.png>
Package pdftex.def Info: format/HCMUT logo.png  used on input line 43.
(pdftex.def)             Requested size: 22.75708pt x 22.75891pt.
 [54 <./image/class-diagram-uc-4-5.drawio.png>]
File: format/HCMUT logo.png Graphic file (type png)
<use format/HCMUT logo.png>
Package pdftex.def Info: format/HCMUT logo.png  used on input line 43.
(pdftex.def)             Requested size: 22.75708pt x 22.75891pt.
 [55]
<image/class-diagram-uc-6-7-8-9-13.drawio.png, id=763, 1542.76375pt x 983.675pt>
File: image/class-diagram-uc-6-7-8-9-13.drawio.png Graphic file (type png)
<use image/class-diagram-uc-6-7-8-9-13.drawio.png>
Package pdftex.def Info: image/class-diagram-uc-6-7-8-9-13.drawio.png  used on input line 47.
(pdftex.def)             Requested size: 435.32422pt x 277.55849pt.

Overfull \hbox (3.71747pt too wide) in paragraph at lines 56--57
[]\T5/cmtt/m/n/13 autoDeductForMenuItem(menuItemId: Long, quantity: Integer)\T5/cmr/m/n/13 : Lis-
 []

File: format/HCMUT logo.png Graphic file (type png)
<use format/HCMUT logo.png>
Package pdftex.def Info: format/HCMUT logo.png  used on input line 57.
(pdftex.def)             Requested size: 22.75708pt x 22.75891pt.
[56 <./image/class-diagram-uc-6-7-8-9-13.drawio.png>]
File: format/HCMUT logo.png Graphic file (type png)
<use format/HCMUT logo.png>
Package pdftex.def Info: format/HCMUT logo.png  used on input line 59.
(pdftex.def)             Requested size: 22.75708pt x 22.75891pt.
 [57]
<image/class-diagram-uc-10-11-12.drawio.png, id=775, 1526.70375pt x 2007.5pt>
File: image/class-diagram-uc-10-11-12.drawio.png Graphic file (type png)
<use image/class-diagram-uc-10-11-12.drawio.png>
Package pdftex.def Info: image/class-diagram-uc-10-11-12.drawio.png  used on input line 63.
(pdftex.def)             Requested size: 435.32422pt x 572.41914pt.
File: format/HCMUT logo.png Graphic file (type png)
<use format/HCMUT logo.png>
Package pdftex.def Info: format/HCMUT logo.png  used on input line 69.
(pdftex.def)             Requested size: 22.75708pt x 22.75891pt.
 [58 <./image/class-diagram-uc-10-11-12.drawio.png>]
Overfull \hbox (1.36932pt too wide) in paragraph at lines 69--70
[]\T5/cmtt/m/n/13 calculateOrderTotal(Long orderId)\T5/cmr/m/n/13 : ^^_÷ńc gĺi qua \T5/cmtt/m/n/13 CheckoutFacade \T5/cmr/m/n/13 nh¬m
 []


Overfull \hbox (21.46931pt too wide) in paragraph at lines 69--70
\T5/cmr/m/n/13 gom dú li»u tř \T5/cmtt/m/n/13 OrderService \T5/cmr/m/n/13 v  t˝nh toˇn můc giŁm giˇ thćng qua \T5/cmtt/m/n/13 PromoService\T5/cmr/m/n/13 . 
 []


Overfull \hbox (11.4599pt too wide) in paragraph at lines 70--71
[]\T5/cmtt/m/n/13 processPayment(Long orderId, Double amount, PaymentMethod method)\T5/cmr/m/n/13 :
 []


Overfull \hbox (25.05101pt too wide) in paragraph at lines 72--73
[]\T5/cmtt/m/n/13 markAsDirty()\T5/cmr/m/n/13 : API thuëc \T5/cmtt/m/n/13 Table \T5/cmr/m/n/13 en-tity, ^^_÷ńc trig-ger bđi \T5/cmtt/m/n/13 OrderPaymentListener
 []

File: format/HCMUT logo.png Graphic file (type png)
<use format/HCMUT logo.png>
Package pdftex.def Info: format/HCMUT logo.png  used on input line 75.
(pdftex.def)             Requested size: 22.75708pt x 22.75891pt.
[59]
<image/class-diagram-uc-14.drawio.png, id=787, 1118.1775pt x 1023.825pt>
File: image/class-diagram-uc-14.drawio.png Graphic file (type png)
<use image/class-diagram-uc-14.drawio.png>
Package pdftex.def Info: image/class-diagram-uc-14.drawio.png  used on input line 80.
(pdftex.def)             Requested size: 435.32422pt x 398.58714pt.

Overfull \hbox (53.93124pt too wide) in paragraph at lines 87--88
\T5/cmr/m/n/13 Tňy thuëc v o lo¤i bˇo cˇo, h» thčng sł gĺi \T5/cmtt/m/n/13 SalesReportStrategy\T5/cmr/m/n/13 , \T5/cmtt/m/n/13 SLAReportStrategy
 []

File: format/HCMUT logo.png Graphic file (type png)
<use format/HCMUT logo.png>
Package pdftex.def Info: format/HCMUT logo.png  used on input line 89.
(pdftex.def)             Requested size: 22.75708pt x 22.75891pt.
[60 <./image/class-diagram-uc-14.drawio.png>]
File: format/HCMUT logo.png Graphic file (type png)
<use format/HCMUT logo.png>
Package pdftex.def Info: format/HCMUT logo.png  used on input line 91.
(pdftex.def)             Requested size: 22.75708pt x 22.75891pt.
 [61]
<image/class-diagram-uc-15.drawio.png, id=800, 1576.89125pt x 382.42876pt>
File: image/class-diagram-uc-15.drawio.png Graphic file (type png)
<use image/class-diagram-uc-15.drawio.png>
Package pdftex.def Info: image/class-diagram-uc-15.drawio.png  used on input line 95.
(pdftex.def)             Requested size: 435.32422pt x 105.57378pt.
)
File: format/HCMUT logo.png Graphic file (type png)
<use format/HCMUT logo.png>
Package pdftex.def Info: format/HCMUT logo.png  used on input line 35.
(pdftex.def)             Requested size: 22.75708pt x 22.75891pt.
 [62 <./image/class-diagram-uc-15.drawio.png>] 
enddocument/afterlastpage (AED): lastpage setting LastPage.
(main.aux)
 ***********
LaTeX2e <2025-11-01>
L3 programming layer <2025-11-06>
 ***********
Package rerunfilecheck Info: File `main.out' has not changed.
(rerunfilecheck)             Checksum: 6697544B16643F0E1D23864304BB0025;10146.
 ) 
Here is how much of TeX's memory you used:
 38661 strings out of 467871
 745617 string characters out of 5428443
 1296208 words of memory out of 5000000
 66631 multiletter control sequences out of 15000+600000
 652389 words of font info for 87 fonts, out of 8000000 for 9000
 1141 hyphenation exceptions out of 8191
 113i,25n,110p,2605b,809s stack positions out of 10000i,1000n,20000p,200000b,200000s
 <C:\Users\luomd\AppData\Local\MiKTeX\fonts/pk/ljfour/jknappen/ec/dpi650\tcrm1200.pk><C:/Program Files/MiKTeX/fonts/type1/public/amsfonts/cm/cmsy10.pfb><C:/Program Files/MiKTeX/fonts/type1/vntex/vnr/vnbx12.pfb><C:/Program Files/MiKTeX/fonts/type1/vntex/vnr/vnbxti10.pfb><C:/Program Files/MiKTeX/fonts/type1/vntex/vnr/vnr10.pfb><C:/Program Files/MiKTeX/fonts/type1/vntex/vnr/vnr12.pfb><C:/Program Files/MiKTeX/fonts/type1/vntex/vnr/vnti12.pfb><C:/Program Files/MiKTeX/fonts/type1/vntex/vnr/vntt12.pfb><C:/Program Files/MiKTeX/fonts/type1/vntex/vnr/vntt9.pfb>
Output written on main.pdf (63 pages, 1087633 bytes).
PDF statistics:
 913 PDF objects out of 1000 (max. 8388607)
 313 named destinations out of 1000 (max. 500000)
 427 words of extra memory for PDF output out of 10000 (max. 10000000)

